[2020-11-20 10:32:55,139] - INFO - process: 3830 - asset_scanner.py - utils.logger - 179 - asset_scanner - [AssetScannerLoop] Schedule Start.
[2020-11-20 10:32:55,145] - INFO - process: 3830 - asset_scanner.py - utils.logger - 223 - asset_scanner - [AssetScannerLoop] Schedule Finished.
[2020-11-20 10:33:06,140] - INFO - process: 3830 - asset_scanner.py - utils.logger - 179 - asset_scanner - [AssetScannerLoop] Schedule Start.
[2020-11-20 10:33:06,144] - INFO - process: 3830 - asset_scanner.py - utils.logger - 223 - asset_scanner - [AssetScannerLoop] Schedule Finished.
[2020-11-20 10:33:17,140] - INFO - process: 3830 - asset_scanner.py - utils.logger - 179 - asset_scanner - [AssetScannerLoop] Schedule Start.
[2020-11-20 10:33:17,146] - INFO - process: 3830 - asset_scanner.py - utils.logger - 223 - asset_scanner - [AssetScannerLoop] Schedule Finished.
[2020-11-20 10:33:28,141] - INFO - process: 3830 - asset_scanner.py - utils.logger - 179 - asset_scanner - [AssetScannerLoop] Schedule Start.
[2020-11-20 10:33:28,147] - INFO - process: 3830 - asset_scanner.py - utils.logger - 223 - asset_scanner - [AssetScannerLoop] Schedule Finished.
[2020-11-20 10:33:39,139] - INFO - process: 3830 - asset_scanner.py - utils.logger - 179 - asset_scanner - [AssetScannerLoop] Schedule Start.
[2020-11-20 10:33:39,144] - INFO - process: 3830 - asset_scanner.py - utils.logger - 223 - asset_scanner - [AssetScannerLoop] Schedule Finished.
[2020-11-20 10:33:44,109] - INFO - process: 3830 - poc_scanner.py - utils.logger - 140 - poc_scanner - [PocScannerLoop] Schedule Start.
[2020-11-20 10:33:44,112] - INFO - process: 3830 - auth_scanner.py - utils.logger - 120 - auth_scanner - [AuthTesterLoop] Schedule Start.
[2020-11-20 10:33:44,118] - INFO - process: 3830 - poc_scanner.py - utils.logger - 180 - poc_scanner - [PocScannerLoop] Schedule Finished.
[2020-11-20 10:33:44,123] - INFO - process: 3830 - auth_scanner.py - utils.logger - 152 - auth_scanner - [AuthTesterLoop] Schedule Finished.
[2020-11-20 10:33:44,134] - INFO - process: 3830 - awvs_scanner.py - utils.logger - 35 - awvs_scanner - [AwvsTaskLoop] Schedule Start.
[2020-11-20 10:33:44,138] - INFO - process: 3830 - awvs_scanner.py - utils.logger - 48 - awvs_scanner - [AwvsTaskLoop] Finished AwvsTaskLoop Task...(no need tasks).
[2020-11-20 10:33:50,139] - INFO - process: 3830 - asset_scanner.py - utils.logger - 179 - asset_scanner - [AssetScannerLoop] Schedule Start.
[2020-11-20 10:33:50,142] - INFO - process: 3830 - asset_scanner.py - utils.logger - 223 - asset_scanner - [AssetScannerLoop] Schedule Finished.
[2020-11-20 10:34:01,139] - INFO - process: 3830 - asset_scanner.py - utils.logger - 179 - asset_scanner - [AssetScannerLoop] Schedule Start.
[2020-11-20 10:34:01,143] - INFO - process: 3830 - asset_scanner.py - utils.logger - 223 - asset_scanner - [AssetScannerLoop] Schedule Finished.
[2020-11-20 10:34:12,140] - INFO - process: 3830 - asset_scanner.py - utils.logger - 179 - asset_scanner - [AssetScannerLoop] Schedule Start.
[2020-11-20 10:34:12,145] - INFO - process: 3830 - asset_scanner.py - utils.logger - 223 - asset_scanner - [AssetScannerLoop] Schedule Finished.
[2020-11-20 10:34:23,141] - INFO - process: 3830 - asset_scanner.py - utils.logger - 179 - asset_scanner - [AssetScannerLoop] Schedule Start.
[2020-11-20 10:34:23,144] - INFO - process: 3830 - asset_scanner.py - utils.logger - 223 - asset_scanner - [AssetScannerLoop] Schedule Finished.
[2020-11-20 10:34:34,145] - INFO - process: 3830 - asset_scanner.py - utils.logger - 179 - asset_scanner - [AssetScannerLoop] Schedule Start.
[2020-11-20 10:34:34,149] - INFO - process: 3830 - asset_scanner.py - utils.logger - 223 - asset_scanner - [AssetScannerLoop] Schedule Finished.
[2020-11-20 10:34:44,110] - INFO - process: 3830 - poc_scanner.py - utils.logger - 140 - poc_scanner - [PocScannerLoop] Schedule Start.
[2020-11-20 10:34:44,117] - INFO - process: 3830 - poc_scanner.py - utils.logger - 180 - poc_scanner - [PocScannerLoop] Schedule Finished.
[2020-11-20 10:34:44,119] - INFO - process: 3830 - auth_scanner.py - utils.logger - 120 - auth_scanner - [AuthTesterLoop] Schedule Start.
[2020-11-20 10:34:44,123] - INFO - process: 3830 - auth_scanner.py - utils.logger - 152 - auth_scanner - [AuthTesterLoop] Schedule Finished.
[2020-11-20 10:34:44,135] - INFO - process: 3830 - awvs_scanner.py - utils.logger - 35 - awvs_scanner - [AwvsTaskLoop] Schedule Start.
[2020-11-20 10:34:44,137] - INFO - process: 3830 - awvs_scanner.py - utils.logger - 48 - awvs_scanner - [AwvsTaskLoop] Finished AwvsTaskLoop Task...(no need tasks).
[2020-11-20 10:34:45,140] - INFO - process: 3830 - asset_scanner.py - utils.logger - 179 - asset_scanner - [AssetScannerLoop] Schedule Start.
[2020-11-20 10:34:45,144] - INFO - process: 3830 - asset_scanner.py - utils.logger - 223 - asset_scanner - [AssetScannerLoop] Schedule Finished.
[2020-11-20 10:34:56,137] - INFO - process: 3830 - asset_scanner.py - utils.logger - 179 - asset_scanner - [AssetScannerLoop] Schedule Start.
[2020-11-20 10:34:56,142] - INFO - process: 3830 - asset_scanner.py - utils.logger - 223 - asset_scanner - [AssetScannerLoop] Schedule Finished.
[2020-11-20 10:35:07,138] - INFO - process: 3830 - asset_scanner.py - utils.logger - 179 - asset_scanner - [AssetScannerLoop] Schedule Start.
[2020-11-20 10:35:07,141] - INFO - process: 3830 - asset_scanner.py - utils.logger - 223 - asset_scanner - [AssetScannerLoop] Schedule Finished.
[2020-11-20 10:35:18,138] - INFO - process: 3830 - asset_scanner.py - utils.logger - 179 - asset_scanner - [AssetScannerLoop] Schedule Start.
[2020-11-20 10:35:18,141] - INFO - process: 3830 - asset_scanner.py - utils.logger - 223 - asset_scanner - [AssetScannerLoop] Schedule Finished.
[2020-11-20 10:35:29,138] - INFO - process: 3830 - asset_scanner.py - utils.logger - 179 - asset_scanner - [AssetScannerLoop] Schedule Start.
[2020-11-20 10:35:29,143] - INFO - process: 3830 - asset_scanner.py - utils.logger - 223 - asset_scanner - [AssetScannerLoop] Schedule Finished.
[2020-11-20 10:35:40,138] - INFO - process: 3830 - asset_scanner.py - utils.logger - 179 - asset_scanner - [AssetScannerLoop] Schedule Start.
[2020-11-20 10:35:40,142] - INFO - process: 3830 - asset_scanner.py - utils.logger - 223 - asset_scanner - [AssetScannerLoop] Schedule Finished.
[2020-11-20 10:35:44,113] - INFO - process: 3830 - poc_scanner.py - utils.logger - 140 - poc_scanner - [PocScannerLoop] Schedule Start.
[2020-11-20 10:35:44,117] - INFO - process: 3830 - auth_scanner.py - utils.logger - 120 - auth_scanner - [AuthTesterLoop] Schedule Start.
[2020-11-20 10:35:44,124] - INFO - process: 3830 - poc_scanner.py - utils.logger - 180 - poc_scanner - [PocScannerLoop] Schedule Finished.
[2020-11-20 10:35:44,129] - INFO - process: 3830 - auth_scanner.py - utils.logger - 152 - auth_scanner - [AuthTesterLoop] Schedule Finished.
[2020-11-20 10:35:44,136] - INFO - process: 3830 - awvs_scanner.py - utils.logger - 35 - awvs_scanner - [AwvsTaskLoop] Schedule Start.
[2020-11-20 10:35:44,138] - INFO - process: 3830 - awvs_scanner.py - utils.logger - 48 - awvs_scanner - [AwvsTaskLoop] Finished AwvsTaskLoop Task...(no need tasks).
[2020-11-20 10:35:51,137] - INFO - process: 3830 - asset_scanner.py - utils.logger - 179 - asset_scanner - [AssetScannerLoop] Schedule Start.
[2020-11-20 10:35:51,139] - INFO - process: 3830 - asset_scanner.py - utils.logger - 223 - asset_scanner - [AssetScannerLoop] Schedule Finished.
[2020-11-20 10:36:02,137] - INFO - process: 3830 - asset_scanner.py - utils.logger - 179 - asset_scanner - [AssetScannerLoop] Schedule Start.
[2020-11-20 10:36:02,143] - INFO - process: 3830 - asset_scanner.py - utils.logger - 223 - asset_scanner - [AssetScannerLoop] Schedule Finished.
[2020-11-20 10:36:13,138] - INFO - process: 3830 - asset_scanner.py - utils.logger - 179 - asset_scanner - [AssetScannerLoop] Schedule Start.
[2020-11-20 10:36:13,143] - INFO - process: 3830 - asset_scanner.py - utils.logger - 223 - asset_scanner - [AssetScannerLoop] Schedule Finished.
[2020-11-20 10:36:24,139] - INFO - process: 3830 - asset_scanner.py - utils.logger - 179 - asset_scanner - [AssetScannerLoop] Schedule Start.
[2020-11-20 10:36:24,144] - INFO - process: 3830 - asset_scanner.py - utils.logger - 223 - asset_scanner - [AssetScannerLoop] Schedule Finished.
[2020-11-20 10:36:35,138] - INFO - process: 3830 - asset_scanner.py - utils.logger - 179 - asset_scanner - [AssetScannerLoop] Schedule Start.
[2020-11-20 10:36:35,143] - INFO - process: 3830 - asset_scanner.py - utils.logger - 223 - asset_scanner - [AssetScannerLoop] Schedule Finished.
[2020-11-20 10:36:44,112] - INFO - process: 3830 - poc_scanner.py - utils.logger - 140 - poc_scanner - [PocScannerLoop] Schedule Start.
[2020-11-20 10:36:44,115] - INFO - process: 3830 - auth_scanner.py - utils.logger - 120 - auth_scanner - [AuthTesterLoop] Schedule Start.
[2020-11-20 10:36:44,120] - INFO - process: 3830 - poc_scanner.py - utils.logger - 180 - poc_scanner - [PocScannerLoop] Schedule Finished.
[2020-11-20 10:36:44,125] - INFO - process: 3830 - auth_scanner.py - utils.logger - 152 - auth_scanner - [AuthTesterLoop] Schedule Finished.
[2020-11-20 10:36:44,136] - INFO - process: 3830 - awvs_scanner.py - utils.logger - 35 - awvs_scanner - [AwvsTaskLoop] Schedule Start.
[2020-11-20 10:36:44,138] - INFO - process: 3830 - awvs_scanner.py - utils.logger - 48 - awvs_scanner - [AwvsTaskLoop] Finished AwvsTaskLoop Task...(no need tasks).
[2020-11-20 10:36:46,140] - INFO - process: 3830 - asset_scanner.py - utils.logger - 179 - asset_scanner - [AssetScannerLoop] Schedule Start.
[2020-11-20 10:36:46,144] - INFO - process: 3830 - asset_scanner.py - utils.logger - 223 - asset_scanner - [AssetScannerLoop] Schedule Finished.
[2020-11-20 10:36:57,138] - INFO - process: 3830 - asset_scanner.py - utils.logger - 179 - asset_scanner - [AssetScannerLoop] Schedule Start.
[2020-11-20 10:36:57,143] - INFO - process: 3830 - asset_scanner.py - utils.logger - 223 - asset_scanner - [AssetScannerLoop] Schedule Finished.
[2020-11-20 10:37:08,138] - INFO - process: 3830 - asset_scanner.py - utils.logger - 179 - asset_scanner - [AssetScannerLoop] Schedule Start.
[2020-11-20 10:37:08,142] - INFO - process: 3830 - asset_scanner.py - utils.logger - 223 - asset_scanner - [AssetScannerLoop] Schedule Finished.
[2020-11-20 10:37:19,139] - INFO - process: 3830 - asset_scanner.py - utils.logger - 179 - asset_scanner - [AssetScannerLoop] Schedule Start.
[2020-11-20 10:37:19,143] - INFO - process: 3830 - asset_scanner.py - utils.logger - 223 - asset_scanner - [AssetScannerLoop] Schedule Finished.
[2020-11-20 10:37:30,138] - INFO - process: 3830 - asset_scanner.py - utils.logger - 179 - asset_scanner - [AssetScannerLoop] Schedule Start.
[2020-11-20 10:37:30,143] - INFO - process: 3830 - asset_scanner.py - utils.logger - 223 - asset_scanner - [AssetScannerLoop] Schedule Finished.
[2020-11-20 10:37:41,138] - INFO - process: 3830 - asset_scanner.py - utils.logger - 179 - asset_scanner - [AssetScannerLoop] Schedule Start.
[2020-11-20 10:37:41,141] - INFO - process: 3830 - asset_scanner.py - utils.logger - 223 - asset_scanner - [AssetScannerLoop] Schedule Finished.
[2020-11-20 10:37:44,112] - INFO - process: 3830 - auth_scanner.py - utils.logger - 120 - auth_scanner - [AuthTesterLoop] Schedule Start.
[2020-11-20 10:37:44,118] - INFO - process: 3830 - poc_scanner.py - utils.logger - 140 - poc_scanner - [PocScannerLoop] Schedule Start.
[2020-11-20 10:37:44,128] - INFO - process: 3830 - poc_scanner.py - utils.logger - 180 - poc_scanner - [PocScannerLoop] Schedule Finished.
[2020-11-20 10:37:44,131] - INFO - process: 3830 - auth_scanner.py - utils.logger - 152 - auth_scanner - [AuthTesterLoop] Schedule Finished.
[2020-11-20 10:37:44,134] - INFO - process: 3830 - awvs_scanner.py - utils.logger - 35 - awvs_scanner - [AwvsTaskLoop] Schedule Start.
[2020-11-20 10:37:44,138] - INFO - process: 3830 - awvs_scanner.py - utils.logger - 48 - awvs_scanner - [AwvsTaskLoop] Finished AwvsTaskLoop Task...(no need tasks).
[2020-11-20 10:37:52,137] - INFO - process: 3830 - asset_scanner.py - utils.logger - 179 - asset_scanner - [AssetScannerLoop] Schedule Start.
[2020-11-20 10:37:52,141] - INFO - process: 3830 - asset_scanner.py - utils.logger - 223 - asset_scanner - [AssetScannerLoop] Schedule Finished.
[2020-11-20 10:38:03,137] - INFO - process: 3830 - asset_scanner.py - utils.logger - 179 - asset_scanner - [AssetScannerLoop] Schedule Start.
[2020-11-20 10:38:03,139] - INFO - process: 3830 - asset_scanner.py - utils.logger - 223 - asset_scanner - [AssetScannerLoop] Schedule Finished.
[2020-11-20 10:38:14,138] - INFO - process: 3830 - asset_scanner.py - utils.logger - 179 - asset_scanner - [AssetScannerLoop] Schedule Start.
[2020-11-20 10:38:14,144] - INFO - process: 3830 - asset_scanner.py - utils.logger - 223 - asset_scanner - [AssetScannerLoop] Schedule Finished.
[2020-11-20 10:38:25,141] - INFO - process: 3830 - asset_scanner.py - utils.logger - 179 - asset_scanner - [AssetScannerLoop] Schedule Start.
[2020-11-20 10:38:25,145] - INFO - process: 3830 - asset_scanner.py - utils.logger - 223 - asset_scanner - [AssetScannerLoop] Schedule Finished.
[2020-11-20 10:38:36,137] - INFO - process: 3830 - asset_scanner.py - utils.logger - 179 - asset_scanner - [AssetScannerLoop] Schedule Start.
[2020-11-20 10:38:36,140] - INFO - process: 3830 - asset_scanner.py - utils.logger - 223 - asset_scanner - [AssetScannerLoop] Schedule Finished.
[2020-11-20 10:38:44,117] - INFO - process: 3830 - auth_scanner.py - utils.logger - 120 - auth_scanner - [AuthTesterLoop] Schedule Start.
[2020-11-20 10:38:44,119] - INFO - process: 3830 - poc_scanner.py - utils.logger - 140 - poc_scanner - [PocScannerLoop] Schedule Start.
[2020-11-20 10:38:44,133] - INFO - process: 3830 - auth_scanner.py - utils.logger - 152 - auth_scanner - [AuthTesterLoop] Schedule Finished.
[2020-11-20 10:38:44,136] - INFO - process: 3830 - poc_scanner.py - utils.logger - 180 - poc_scanner - [PocScannerLoop] Schedule Finished.
[2020-11-20 10:38:44,138] - INFO - process: 3830 - awvs_scanner.py - utils.logger - 35 - awvs_scanner - [AwvsTaskLoop] Schedule Start.
[2020-11-20 10:38:44,141] - INFO - process: 3830 - awvs_scanner.py - utils.logger - 48 - awvs_scanner - [AwvsTaskLoop] Finished AwvsTaskLoop Task...(no need tasks).
[2020-11-20 10:38:47,138] - INFO - process: 3830 - asset_scanner.py - utils.logger - 179 - asset_scanner - [AssetScannerLoop] Schedule Start.
[2020-11-20 10:38:47,143] - INFO - process: 3830 - asset_scanner.py - utils.logger - 223 - asset_scanner - [AssetScannerLoop] Schedule Finished.
[2020-11-20 10:38:58,138] - INFO - process: 3830 - asset_scanner.py - utils.logger - 179 - asset_scanner - [AssetScannerLoop] Schedule Start.
[2020-11-20 10:38:58,143] - INFO - process: 3830 - asset_scanner.py - utils.logger - 223 - asset_scanner - [AssetScannerLoop] Schedule Finished.
[2020-11-20 10:39:09,138] - INFO - process: 3830 - asset_scanner.py - utils.logger - 179 - asset_scanner - [AssetScannerLoop] Schedule Start.
[2020-11-20 10:39:09,142] - INFO - process: 3830 - asset_scanner.py - utils.logger - 223 - asset_scanner - [AssetScannerLoop] Schedule Finished.
