[2020-11-20 14:10:29,388] - INFO - process: 8501 - asset_scanner.py - utils.logger - 180 - asset_scanner - [AssetScannerLoop] Schedule Start.
[2020-11-20 14:10:29,392] - INFO - process: 8501 - asset_scanner.py - utils.logger - 224 - asset_scanner - [AssetScannerLoop] Schedule Finished.
[2020-11-20 14:10:59,370] - INFO - process: 8501 - awvs_scanner.py - utils.logger - 36 - awvs_scanner - [AwvsTaskLoop] Schedule Start.
[2020-11-20 14:10:59,372] - INFO - process: 8501 - poc_scanner.py - utils.logger - 141 - poc_scanner - [PocScannerLoop] Schedule Start.
[2020-11-20 14:10:59,379] - INFO - process: 8501 - auth_scanner.py - utils.logger - 122 - auth_scanner - [AuthTesterLoop] Schedule Start.
[2020-11-20 14:10:59,381] - INFO - process: 8501 - awvs_scanner.py - utils.logger - 49 - awvs_scanner - [AwvsTaskLoop] Finished AwvsTaskLoop Task...(no need tasks).
[2020-11-20 14:10:59,385] - INFO - process: 8501 - poc_scanner.py - utils.logger - 181 - poc_scanner - [PocScannerLoop] Schedule Finished.
[2020-11-20 14:10:59,389] - INFO - process: 8501 - asset_scanner.py - utils.logger - 180 - asset_scanner - [AssetScannerLoop] Schedule Start.
[2020-11-20 14:10:59,394] - INFO - process: 8501 - auth_scanner.py - utils.logger - 154 - auth_scanner - [AuthTesterLoop] Schedule Finished.
[2020-11-20 14:10:59,394] - INFO - process: 8501 - asset_scanner.py - utils.logger - 224 - asset_scanner - [AssetScannerLoop] Schedule Finished.
[2020-11-20 14:11:21,460] - INFO - process: 8501 - asset_scanner.py - utils.logger - 152 - asset_scanner - [AssetScanner] k8s-node2(5fb74021b9e59f7b33de2fbe) Task Start >>>.
[2020-11-20 14:11:29,390] - INFO - process: 8501 - asset_scanner.py - utils.logger - 180 - asset_scanner - [AssetScannerLoop] Schedule Start.
[2020-11-20 14:11:29,403] - INFO - process: 8501 - asset_scanner.py - utils.logger - 196 - asset_scanner - [AssetScannerLoop] The k8s-node2(5fb74021b9e59f7b33de2fbe) does not have any port.(no records)
[2020-11-20 14:11:29,403] - INFO - process: 8501 - asset_scanner.py - utils.logger - 224 - asset_scanner - [AssetScannerLoop] Schedule Finished.
[2020-11-20 14:11:59,373] - INFO - process: 8501 - awvs_scanner.py - utils.logger - 36 - awvs_scanner - [AwvsTaskLoop] Schedule Start.
[2020-11-20 14:11:59,376] - INFO - process: 8501 - auth_scanner.py - utils.logger - 122 - auth_scanner - [AuthTesterLoop] Schedule Start.
[2020-11-20 14:11:59,377] - INFO - process: 8501 - poc_scanner.py - utils.logger - 141 - poc_scanner - [PocScannerLoop] Schedule Start.
[2020-11-20 14:11:59,381] - INFO - process: 8501 - awvs_scanner.py - utils.logger - 49 - awvs_scanner - [AwvsTaskLoop] Finished AwvsTaskLoop Task...(no need tasks).
[2020-11-20 14:11:59,386] - INFO - process: 8501 - auth_scanner.py - utils.logger - 154 - auth_scanner - [AuthTesterLoop] Schedule Finished.
[2020-11-20 14:11:59,388] - INFO - process: 8501 - poc_scanner.py - utils.logger - 181 - poc_scanner - [PocScannerLoop] Schedule Finished.
[2020-11-20 14:11:59,397] - INFO - process: 8501 - asset_scanner.py - utils.logger - 180 - asset_scanner - [AssetScannerLoop] Schedule Start.
[2020-11-20 14:11:59,401] - INFO - process: 8501 - asset_scanner.py - utils.logger - 196 - asset_scanner - [AssetScannerLoop] The k8s-node2(5fb74021b9e59f7b33de2fbe) does not have any port.(no records)
[2020-11-20 14:11:59,401] - INFO - process: 8501 - asset_scanner.py - utils.logger - 224 - asset_scanner - [AssetScannerLoop] Schedule Finished.
[2020-11-20 14:12:29,392] - INFO - process: 8501 - asset_scanner.py - utils.logger - 180 - asset_scanner - [AssetScannerLoop] Schedule Start.
[2020-11-20 14:12:29,400] - INFO - process: 8501 - asset_scanner.py - utils.logger - 196 - asset_scanner - [AssetScannerLoop] The k8s-node2(5fb74021b9e59f7b33de2fbe) does not have any port.(no records)
[2020-11-20 14:12:29,400] - INFO - process: 8501 - asset_scanner.py - utils.logger - 224 - asset_scanner - [AssetScannerLoop] Schedule Finished.
[2020-11-20 14:12:59,371] - INFO - process: 8501 - awvs_scanner.py - utils.logger - 36 - awvs_scanner - [AwvsTaskLoop] Schedule Start.
[2020-11-20 14:12:59,374] - INFO - process: 8501 - poc_scanner.py - utils.logger - 141 - poc_scanner - [PocScannerLoop] Schedule Start.
[2020-11-20 14:12:59,378] - INFO - process: 8501 - auth_scanner.py - utils.logger - 122 - auth_scanner - [AuthTesterLoop] Schedule Start.
[2020-11-20 14:12:59,386] - INFO - process: 8501 - poc_scanner.py - utils.logger - 181 - poc_scanner - [PocScannerLoop] Schedule Finished.
[2020-11-20 14:12:59,387] - INFO - process: 8501 - awvs_scanner.py - utils.logger - 49 - awvs_scanner - [AwvsTaskLoop] Finished AwvsTaskLoop Task...(no need tasks).
[2020-11-20 14:12:59,389] - INFO - process: 8501 - auth_scanner.py - utils.logger - 154 - auth_scanner - [AuthTesterLoop] Schedule Finished.
[2020-11-20 14:12:59,392] - INFO - process: 8501 - asset_scanner.py - utils.logger - 180 - asset_scanner - [AssetScannerLoop] Schedule Start.
[2020-11-20 14:12:59,397] - INFO - process: 8501 - asset_scanner.py - utils.logger - 196 - asset_scanner - [AssetScannerLoop] The k8s-node2(5fb74021b9e59f7b33de2fbe) does not have any port.(no records)
[2020-11-20 14:12:59,397] - INFO - process: 8501 - asset_scanner.py - utils.logger - 224 - asset_scanner - [AssetScannerLoop] Schedule Finished.
[2020-11-20 14:13:29,389] - INFO - process: 8501 - asset_scanner.py - utils.logger - 180 - asset_scanner - [AssetScannerLoop] Schedule Start.
[2020-11-20 14:13:29,395] - INFO - process: 8501 - asset_scanner.py - utils.logger - 196 - asset_scanner - [AssetScannerLoop] The k8s-node2(5fb74021b9e59f7b33de2fbe) does not have any port.(no records)
[2020-11-20 14:13:29,395] - INFO - process: 8501 - asset_scanner.py - utils.logger - 224 - asset_scanner - [AssetScannerLoop] Schedule Finished.
[2020-11-20 14:13:44,993] - INFO - process: 8501 - asset_scanner.py - utils.logger - 154 - asset_scanner - [AssetScanner] k8s-node2(5fb74021b9e59f7b33de2fbe) set_tasks.
[2020-11-20 14:13:45,024] - INFO - process: 8501 - asset_scanner.py - utils.logger - 156 - asset_scanner - [AssetScanner] k8s-node2(5fb74021b9e59f7b33de2fbe) Task Finished <<<.
[2020-11-20 14:13:59,375] - INFO - process: 8501 - auth_scanner.py - utils.logger - 122 - auth_scanner - [AuthTesterLoop] Schedule Start.
[2020-11-20 14:13:59,379] - INFO - process: 8501 - poc_scanner.py - utils.logger - 141 - poc_scanner - [PocScannerLoop] Schedule Start.
[2020-11-20 14:13:59,381] - INFO - process: 8501 - awvs_scanner.py - utils.logger - 36 - awvs_scanner - [AwvsTaskLoop] Schedule Start.
[2020-11-20 14:13:59,389] - INFO - process: 8501 - awvs_scanner.py - utils.logger - 49 - awvs_scanner - [AwvsTaskLoop] Finished AwvsTaskLoop Task...(no need tasks).
[2020-11-20 14:13:59,402] - INFO - process: 8501 - poc_scanner.py - utils.logger - 158 - poc_scanner - [PocScannerLoop] 201120t35r_k8s(5fb75e99498fe85e47b2d627) One time Scan Start...
[2020-11-20 14:13:59,403] - INFO - process: 8501 - asset_scanner.py - utils.logger - 180 - asset_scanner - [AssetScannerLoop] Schedule Start.
[2020-11-20 14:13:59,406] - INFO - process: 8501 - auth_scanner.py - utils.logger - 132 - auth_scanner - [AuthTesterLoop] 201120wryu_k8s(5fb75e98498fe85e47b2d626) One time Scan Start...
[2020-11-20 14:13:59,418] - INFO - process: 8501 - asset_scanner.py - utils.logger - 201 - asset_scanner - [AssetScannerLoop] Chech all child task status of k8s-node2(5fb74021b9e59f7b33de2fbe)
[2020-11-20 14:13:59,435] - INFO - process: 8501 - asset_scanner.py - utils.logger - 207 - asset_scanner - [AssetScannerLoop] k8s-node2(5fb74021b9e59f7b33de2fbe) auth task is unok
[2020-11-20 14:13:59,437] - INFO - process: 8501 - asset_scanner.py - utils.logger - 224 - asset_scanner - [AssetScannerLoop] Schedule Finished.
[2020-11-20 14:13:59,465] - INFO - process: 8501 - poc_scanner.py - utils.logger - 158 - poc_scanner - [PocScannerLoop] 201120h18n_k8s(5fb75e99498fe85e47b2d629) One time Scan Start...
[2020-11-20 14:13:59,465] - INFO - process: 8501 - poc_scanner.py - utils.logger - 97 - poc_scanner - [PocScanner] 201120t35r_k8s(5fb75e99498fe85e47b2d627) Task Start >>>.
[2020-11-20 14:13:59,492] - INFO - process: 8501 - auth_scanner.py - utils.logger - 60 - auth_scanner - [AuthCrack] 201120wryu_k8s(5fb75e98498fe85e47b2d626) Task Start >>>.
[2020-11-20 14:13:59,507] - INFO - process: 8501 - auth_scanner.py - utils.logger - 132 - auth_scanner - [AuthTesterLoop] 201120zjay_k8s(5fb75e99498fe85e47b2d628) One time Scan Start...
[2020-11-20 14:13:59,717] - INFO - process: 8501 - poc_scanner.py - utils.logger - 158 - poc_scanner - [PocScannerLoop] 201120ls91_k8s(5fb75e99498fe85e47b2d62b) One time Scan Start...
[2020-11-20 14:13:59,719] - INFO - process: 8501 - poc_scanner.py - utils.logger - 97 - poc_scanner - [PocScanner] 201120h18n_k8s(5fb75e99498fe85e47b2d629) Task Start >>>.
[2020-11-20 14:13:59,809] - INFO - process: 8880 - poc_scanner.py - utils.logger - 35 - poc_scanner - [PocScanner] 201120t35r_k8s(node2.k8s:21) verify poc(vsFTPd 2.3.4 BackDoor)  all_times: 5
[2020-11-20 14:13:59,818] - INFO - process: 8501 - auth_scanner.py - utils.logger - 72 - auth_scanner - [AuthCrack] target_list=[u'node2.k8s']; service=ftp
[2020-11-20 14:13:59,821] - INFO - process: 8501 - auth_scanner.py - utils.logger - 60 - auth_scanner - [AuthCrack] 201120zjay_k8s(5fb75e99498fe85e47b2d628) Task Start >>>.
[2020-11-20 14:13:59,826] - INFO - process: 8880 - poc_scanner.py - utils.logger - 45 - poc_scanner - [PocScanner] 201120t35r_k8s(node2.k8s:21) verify poc(vsFTPd 2.3.4 BackDoor) in 1 times, result: {'VerifyInfo': {'URL': u'node2.k8s:21 Backdoor Command Execution', 'Prompt': '331 Please specify the password.', 'Command': 'uptime', 'Banner': '220 (vsFTPd 2.3.4)\r\n', 'CommandResult': '06:13:59 up 3 days, 23:45,  load average: 0.12, 0.12, 0.13'}}
[2020-11-20 14:13:59,822] - INFO - process: 8501 - auth_scanner.py - utils.logger - 132 - auth_scanner - [AuthTesterLoop] 2011201cvw_k8s(5fb75e99498fe85e47b2d62a) One time Scan Start...
[2020-11-20 14:13:59,985] - INFO - process: 8501 - poc_scanner.py - utils.logger - 158 - poc_scanner - [PocScannerLoop] 2011205p14_k8s(5fb75e99498fe85e47b2d62d) One time Scan Start...
[2020-11-20 14:13:59,985] - INFO - process: 8501 - poc_scanner.py - utils.logger - 97 - poc_scanner - [PocScanner] 201120ls91_k8s(5fb75e99498fe85e47b2d62b) Task Start >>>.
[2020-11-20 14:14:00,038] - INFO - process: 8501 - poc_scanner.py - utils.logger - 125 - poc_scanner - [PocScanner] 201120t35r_k8s(5fb75e99498fe85e47b2d627) Task Finished <<<.
[2020-11-20 14:14:00,060] - INFO - process: 8501 - auth_scanner.py - utils.logger - 60 - auth_scanner - [AuthCrack] 2011201cvw_k8s(5fb75e99498fe85e47b2d62a) Task Start >>>.
[2020-11-20 14:14:00,061] - INFO - process: 8501 - auth_scanner.py - utils.logger - 132 - auth_scanner - [AuthTesterLoop] 201120ryq9_k8s(5fb75e99498fe85e47b2d62c) One time Scan Start...
[2020-11-20 14:14:00,301] - INFO - process: 8501 - poc_scanner.py - utils.logger - 97 - poc_scanner - [PocScanner] 2011205p14_k8s(5fb75e99498fe85e47b2d62d) Task Start >>>.
[2020-11-20 14:14:00,302] - INFO - process: 8501 - poc_scanner.py - utils.logger - 158 - poc_scanner - [PocScannerLoop] 2011200fus_k8s(5fb75e99498fe85e47b2d62e) One time Scan Start...
[2020-11-20 14:14:00,367] - INFO - process: 8501 - auth_scanner.py - utils.logger - 72 - auth_scanner - [AuthCrack] target_list=[u'node2.k8s']; service=ssh
[2020-11-20 14:14:00,398] - INFO - process: 8501 - auth_scanner.py - utils.logger - 60 - auth_scanner - [AuthCrack] 201120ryq9_k8s(5fb75e99498fe85e47b2d62c) Task Start >>>.
[2020-11-20 14:14:00,402] - INFO - process: 8501 - auth_scanner.py - utils.logger - 154 - auth_scanner - [AuthTesterLoop] Schedule Finished.
[2020-11-20 14:14:00,604] - INFO - process: 8501 - poc_scanner.py - utils.logger - 97 - poc_scanner - [PocScanner] 2011200fus_k8s(5fb75e99498fe85e47b2d62e) Task Start >>>.
[2020-11-20 14:14:00,605] - INFO - process: 8501 - poc_scanner.py - utils.logger - 181 - poc_scanner - [PocScannerLoop] Schedule Finished.
[2020-11-20 14:14:01,018] - INFO - process: 8501 - auth_scanner.py - utils.logger - 72 - auth_scanner - [AuthCrack] target_list=[u'node2.k8s']; service=redis
[2020-11-20 14:14:01,215] - INFO - process: 8501 - auth_scanner.py - utils.logger - 72 - auth_scanner - [AuthCrack] target_list=[u'node2.k8s']; service=redis
[2020-11-20 14:14:01,264] - INFO - process: 8501 - auth_scanner.py - utils.logger - 88 - auth_scanner - [AuthCrack] 2011201cvw_k8s(5fb75e99498fe85e47b2d62a) Save Result Done...
[2020-11-20 14:14:01,285] - INFO - process: 8501 - auth_scanner.py - utils.logger - 62 - auth_scanner - [AuthCrack] 2011201cvw_k8s(5fb75e99498fe85e47b2d62a) Task Finished <<<.
[2020-11-20 14:14:01,293] - INFO - process: 9024 - poc_scanner.py - utils.logger - 35 - poc_scanner - [PocScanner] 2011205p14_k8s(node2.k8s:6380) verify poc(Redis Unauthorized)  all_times: 5
[2020-11-20 14:14:01,330] - INFO - process: 9061 - poc_scanner.py - utils.logger - 35 - poc_scanner - [PocScanner] 2011200fus_k8s(node2.k8s:8081) verify poc(Apache Flink RCE)  all_times: 5
[2020-11-20 14:14:01,450] - INFO - process: 9061 - poc_scanner.py - utils.logger - 45 - poc_scanner - [PocScanner] 2011200fus_k8s(node2.k8s:8081) verify poc(Apache Flink RCE) in 1 times, result: {'VerifyInfo': {'URL': u'http://node2.k8s:8081', 'Command': 'uptime', 'Result': '[ uptime ] execute success, result:\n 06:14:01 up 3 days, 23:45,  0 users,  load average: 0.36, 0.17, 0.15'}}
[2020-11-20 14:14:01,459] - INFO - process: 9024 - poc_scanner.py - utils.logger - 45 - poc_scanner - [PocScanner] 2011205p14_k8s(node2.k8s:6380) verify poc(Redis Unauthorized) in 1 times, result: {'VerifyInfo': {'URL': 'mongo://node2.k8s:6380', 'Payload': '*1\r\n$4\r\ninfo\r\n', 'Result': '$2714\r\n# Server\r\nredis_version:4.0.14\r\nredis_git_sha1:00000000\r\nredis_git_dirty:0\r\nredis_build_id:3914f9509eb3b682\r\nredis_mode:standalone\r\nos:Linux 3.10.0-862.el7.x86_64 x86_64\r\narch_bits:64\r\nmultiplexing_api:epoll\r\natomicvar_api:atomic-builtin\r\ngcc_version:6.3.0\r\nprocess_id:1\r\nrun_id:46d9a9e64caf3f81c984ae101ab2af3c0e3aa7f6\r\ntcp_port:6379\r\nuptime_in_seconds:247838\r\nuptime_in_days:2\r\nhz:10\r\nlru_clock:12017321\r\nexecutable:/data/redis-server\r\nconfig_file:\r\n\r\n# Clients\r\nconnected_clients:3\r\nclient_longest_output_list:0\r\nclient_biggest_input_buf:0\r\nblocked_clients:0\r\n\r\n# Memory\r\nused_memory:931368\r\nused_memory_human:909.54K\r\nused_memory_rss:8155136\r\nused_memory_rss_human:7.78M\r\nused_memory_peak:931368\r\nused_memory_peak_human:909.54K\r\nused_memory_peak_perc:107.11%\r\nused_memory_overhead:902630\r\nused_memory_startup:786488\r\nused_memory_dataset:28738\r\nused_memory_dataset_perc:19.84%\r\ntotal_system_memory:4142727168\r\ntotal_system_memory_human:3.86G\r\nused_memory_lua:37888\r\nused_memory_lua_human:37.00K\r\nmaxmemory:0\r\nmaxme'}}
[2020-11-20 14:14:01,576] - INFO - process: 8501 - poc_scanner.py - utils.logger - 125 - poc_scanner - [PocScanner] 2011200fus_k8s(5fb75e99498fe85e47b2d62e) Task Finished <<<.
[2020-11-20 14:14:01,612] - INFO - process: 8501 - poc_scanner.py - utils.logger - 125 - poc_scanner - [PocScanner] 2011205p14_k8s(5fb75e99498fe85e47b2d62d) Task Finished <<<.
[2020-11-20 14:14:01,631] - INFO - process: 8501 - auth_scanner.py - utils.logger - 88 - auth_scanner - [AuthCrack] 201120ryq9_k8s(5fb75e99498fe85e47b2d62c) Save Result Done...
[2020-11-20 14:14:01,664] - INFO - process: 8501 - auth_scanner.py - utils.logger - 62 - auth_scanner - [AuthCrack] 201120ryq9_k8s(5fb75e99498fe85e47b2d62c) Task Finished <<<.
[2020-11-20 14:14:29,406] - INFO - process: 8501 - asset_scanner.py - utils.logger - 180 - asset_scanner - [AssetScannerLoop] Schedule Start.
[2020-11-20 14:14:29,415] - INFO - process: 8501 - asset_scanner.py - utils.logger - 201 - asset_scanner - [AssetScannerLoop] Chech all child task status of k8s-node2(5fb74021b9e59f7b33de2fbe)
[2020-11-20 14:14:29,419] - INFO - process: 8501 - asset_scanner.py - utils.logger - 207 - asset_scanner - [AssetScannerLoop] k8s-node2(5fb74021b9e59f7b33de2fbe) auth task is unok
[2020-11-20 14:14:29,420] - INFO - process: 8501 - asset_scanner.py - utils.logger - 224 - asset_scanner - [AssetScannerLoop] Schedule Finished.
[2020-11-20 14:14:59,381] - INFO - process: 8501 - auth_scanner.py - utils.logger - 122 - auth_scanner - [AuthTesterLoop] Schedule Start.
[2020-11-20 14:14:59,382] - INFO - process: 8501 - poc_scanner.py - utils.logger - 141 - poc_scanner - [PocScannerLoop] Schedule Start.
[2020-11-20 14:14:59,386] - INFO - process: 8501 - awvs_scanner.py - utils.logger - 36 - awvs_scanner - [AwvsTaskLoop] Schedule Start.
[2020-11-20 14:14:59,398] - INFO - process: 8501 - poc_scanner.py - utils.logger - 181 - poc_scanner - [PocScannerLoop] Schedule Finished.
[2020-11-20 14:14:59,401] - INFO - process: 8501 - asset_scanner.py - utils.logger - 180 - asset_scanner - [AssetScannerLoop] Schedule Start.
[2020-11-20 14:14:59,402] - INFO - process: 8501 - awvs_scanner.py - utils.logger - 49 - awvs_scanner - [AwvsTaskLoop] Finished AwvsTaskLoop Task...(no need tasks).
[2020-11-20 14:14:59,406] - INFO - process: 8501 - auth_scanner.py - utils.logger - 154 - auth_scanner - [AuthTesterLoop] Schedule Finished.
[2020-11-20 14:14:59,411] - INFO - process: 8501 - asset_scanner.py - utils.logger - 201 - asset_scanner - [AssetScannerLoop] Chech all child task status of k8s-node2(5fb74021b9e59f7b33de2fbe)
[2020-11-20 14:14:59,414] - INFO - process: 8501 - asset_scanner.py - utils.logger - 207 - asset_scanner - [AssetScannerLoop] k8s-node2(5fb74021b9e59f7b33de2fbe) auth task is unok
[2020-11-20 14:14:59,414] - INFO - process: 8501 - asset_scanner.py - utils.logger - 224 - asset_scanner - [AssetScannerLoop] Schedule Finished.
[2020-11-20 14:15:13,136] - INFO - process: 8501 - auth_scanner.py - utils.logger - 104 - auth_scanner - [AuthCrack] Success Save Item Of None(ssh) By 201120zjay_k8s(5fb75e99498fe85e47b2d628), weekpassword id: 
[2020-11-20 14:15:13,138] - INFO - process: 8501 - auth_scanner.py - utils.logger - 88 - auth_scanner - [AuthCrack] 201120zjay_k8s(5fb75e99498fe85e47b2d628) Save Result Done...
[2020-11-20 14:15:13,150] - INFO - process: 8501 - auth_scanner.py - utils.logger - 62 - auth_scanner - [AuthCrack] 201120zjay_k8s(5fb75e99498fe85e47b2d628) Task Finished <<<.
[2020-11-20 14:15:23,868] - INFO - process: 8501 - auth_scanner.py - utils.logger - 104 - auth_scanner - [AuthCrack] Success Save Item Of None(ftp) By 201120wryu_k8s(5fb75e98498fe85e47b2d626), weekpassword id: 
[2020-11-20 14:15:23,870] - INFO - process: 8501 - auth_scanner.py - utils.logger - 104 - auth_scanner - [AuthCrack] Success Save Item Of None(ftp) By 201120wryu_k8s(5fb75e98498fe85e47b2d626), weekpassword id: 
[2020-11-20 14:15:23,872] - INFO - process: 8501 - auth_scanner.py - utils.logger - 104 - auth_scanner - [AuthCrack] Success Save Item Of None(ftp) By 201120wryu_k8s(5fb75e98498fe85e47b2d626), weekpassword id: 
[2020-11-20 14:15:23,873] - INFO - process: 8501 - auth_scanner.py - utils.logger - 88 - auth_scanner - [AuthCrack] 201120wryu_k8s(5fb75e98498fe85e47b2d626) Save Result Done...
[2020-11-20 14:15:23,891] - INFO - process: 8501 - auth_scanner.py - utils.logger - 62 - auth_scanner - [AuthCrack] 201120wryu_k8s(5fb75e98498fe85e47b2d626) Task Finished <<<.
[2020-11-20 14:15:29,400] - INFO - process: 8501 - asset_scanner.py - utils.logger - 180 - asset_scanner - [AssetScannerLoop] Schedule Start.
[2020-11-20 14:15:29,407] - INFO - process: 8501 - asset_scanner.py - utils.logger - 201 - asset_scanner - [AssetScannerLoop] Chech all child task status of k8s-node2(5fb74021b9e59f7b33de2fbe)
[2020-11-20 14:15:29,424] - INFO - process: 8501 - asset_scanner.py - utils.logger - 213 - asset_scanner - [AssetScannerLoop] k8s-node2(5fb74021b9e59f7b33de2fbe) poc task is unok
[2020-11-20 14:15:29,424] - INFO - process: 8501 - asset_scanner.py - utils.logger - 224 - asset_scanner - [AssetScannerLoop] Schedule Finished.
[2020-11-20 14:15:59,374] - INFO - process: 8501 - poc_scanner.py - utils.logger - 141 - poc_scanner - [PocScannerLoop] Schedule Start.
[2020-11-20 14:15:59,384] - INFO - process: 8501 - auth_scanner.py - utils.logger - 122 - auth_scanner - [AuthTesterLoop] Schedule Start.
[2020-11-20 14:15:59,387] - INFO - process: 8501 - awvs_scanner.py - utils.logger - 36 - awvs_scanner - [AwvsTaskLoop] Schedule Start.
[2020-11-20 14:15:59,392] - INFO - process: 8501 - poc_scanner.py - utils.logger - 181 - poc_scanner - [PocScannerLoop] Schedule Finished.
[2020-11-20 14:15:59,396] - INFO - process: 8501 - asset_scanner.py - utils.logger - 180 - asset_scanner - [AssetScannerLoop] Schedule Start.
[2020-11-20 14:15:59,402] - INFO - process: 8501 - auth_scanner.py - utils.logger - 154 - auth_scanner - [AuthTesterLoop] Schedule Finished.
[2020-11-20 14:15:59,403] - INFO - process: 8501 - awvs_scanner.py - utils.logger - 49 - awvs_scanner - [AwvsTaskLoop] Finished AwvsTaskLoop Task...(no need tasks).
[2020-11-20 14:15:59,406] - INFO - process: 8501 - asset_scanner.py - utils.logger - 201 - asset_scanner - [AssetScannerLoop] Chech all child task status of k8s-node2(5fb74021b9e59f7b33de2fbe)
[2020-11-20 14:15:59,420] - INFO - process: 8501 - asset_scanner.py - utils.logger - 213 - asset_scanner - [AssetScannerLoop] k8s-node2(5fb74021b9e59f7b33de2fbe) poc task is unok
[2020-11-20 14:15:59,420] - INFO - process: 8501 - asset_scanner.py - utils.logger - 224 - asset_scanner - [AssetScannerLoop] Schedule Finished.
[2020-11-20 14:16:29,390] - INFO - process: 8501 - asset_scanner.py - utils.logger - 180 - asset_scanner - [AssetScannerLoop] Schedule Start.
[2020-11-20 14:16:29,398] - INFO - process: 8501 - asset_scanner.py - utils.logger - 201 - asset_scanner - [AssetScannerLoop] Chech all child task status of k8s-node2(5fb74021b9e59f7b33de2fbe)
[2020-11-20 14:16:29,415] - INFO - process: 8501 - asset_scanner.py - utils.logger - 213 - asset_scanner - [AssetScannerLoop] k8s-node2(5fb74021b9e59f7b33de2fbe) poc task is unok
[2020-11-20 14:16:29,415] - INFO - process: 8501 - asset_scanner.py - utils.logger - 224 - asset_scanner - [AssetScannerLoop] Schedule Finished.
[2020-11-20 14:16:59,373] - INFO - process: 8501 - poc_scanner.py - utils.logger - 141 - poc_scanner - [PocScannerLoop] Schedule Start.
[2020-11-20 14:16:59,383] - INFO - process: 8501 - poc_scanner.py - utils.logger - 181 - poc_scanner - [PocScannerLoop] Schedule Finished.
[2020-11-20 14:16:59,385] - INFO - process: 8501 - auth_scanner.py - utils.logger - 122 - auth_scanner - [AuthTesterLoop] Schedule Start.
[2020-11-20 14:16:59,388] - INFO - process: 8501 - awvs_scanner.py - utils.logger - 36 - awvs_scanner - [AwvsTaskLoop] Schedule Start.
[2020-11-20 14:16:59,389] - INFO - process: 8501 - asset_scanner.py - utils.logger - 180 - asset_scanner - [AssetScannerLoop] Schedule Start.
[2020-11-20 14:16:59,398] - INFO - process: 8501 - awvs_scanner.py - utils.logger - 49 - awvs_scanner - [AwvsTaskLoop] Finished AwvsTaskLoop Task...(no need tasks).
[2020-11-20 14:16:59,403] - INFO - process: 8501 - auth_scanner.py - utils.logger - 154 - auth_scanner - [AuthTesterLoop] Schedule Finished.
[2020-11-20 14:16:59,406] - INFO - process: 8501 - asset_scanner.py - utils.logger - 201 - asset_scanner - [AssetScannerLoop] Chech all child task status of k8s-node2(5fb74021b9e59f7b33de2fbe)
[2020-11-20 14:16:59,421] - INFO - process: 8501 - asset_scanner.py - utils.logger - 213 - asset_scanner - [AssetScannerLoop] k8s-node2(5fb74021b9e59f7b33de2fbe) poc task is unok
[2020-11-20 14:16:59,421] - INFO - process: 8501 - asset_scanner.py - utils.logger - 224 - asset_scanner - [AssetScannerLoop] Schedule Finished.
[2020-11-20 14:17:29,392] - INFO - process: 8501 - asset_scanner.py - utils.logger - 180 - asset_scanner - [AssetScannerLoop] Schedule Start.
[2020-11-20 14:17:29,401] - INFO - process: 8501 - asset_scanner.py - utils.logger - 201 - asset_scanner - [AssetScannerLoop] Chech all child task status of k8s-node2(5fb74021b9e59f7b33de2fbe)
[2020-11-20 14:17:29,422] - INFO - process: 8501 - asset_scanner.py - utils.logger - 213 - asset_scanner - [AssetScannerLoop] k8s-node2(5fb74021b9e59f7b33de2fbe) poc task is unok
[2020-11-20 14:17:29,422] - INFO - process: 8501 - asset_scanner.py - utils.logger - 224 - asset_scanner - [AssetScannerLoop] Schedule Finished.
[2020-11-20 14:17:59,376] - INFO - process: 8501 - auth_scanner.py - utils.logger - 122 - auth_scanner - [AuthTesterLoop] Schedule Start.
[2020-11-20 14:17:59,379] - INFO - process: 8501 - poc_scanner.py - utils.logger - 141 - poc_scanner - [PocScannerLoop] Schedule Start.
[2020-11-20 14:17:59,385] - INFO - process: 8501 - awvs_scanner.py - utils.logger - 36 - awvs_scanner - [AwvsTaskLoop] Schedule Start.
[2020-11-20 14:17:59,400] - INFO - process: 8501 - poc_scanner.py - utils.logger - 181 - poc_scanner - [PocScannerLoop] Schedule Finished.
[2020-11-20 14:17:59,403] - INFO - process: 8501 - auth_scanner.py - utils.logger - 154 - auth_scanner - [AuthTesterLoop] Schedule Finished.
[2020-11-20 14:17:59,404] - INFO - process: 8501 - asset_scanner.py - utils.logger - 180 - asset_scanner - [AssetScannerLoop] Schedule Start.
[2020-11-20 14:17:59,410] - INFO - process: 8501 - awvs_scanner.py - utils.logger - 49 - awvs_scanner - [AwvsTaskLoop] Finished AwvsTaskLoop Task...(no need tasks).
[2020-11-20 14:17:59,414] - INFO - process: 8501 - asset_scanner.py - utils.logger - 201 - asset_scanner - [AssetScannerLoop] Chech all child task status of k8s-node2(5fb74021b9e59f7b33de2fbe)
[2020-11-20 14:17:59,430] - INFO - process: 8501 - asset_scanner.py - utils.logger - 213 - asset_scanner - [AssetScannerLoop] k8s-node2(5fb74021b9e59f7b33de2fbe) poc task is unok
[2020-11-20 14:17:59,430] - INFO - process: 8501 - asset_scanner.py - utils.logger - 224 - asset_scanner - [AssetScannerLoop] Schedule Finished.
[2020-11-20 14:18:29,396] - INFO - process: 8501 - asset_scanner.py - utils.logger - 180 - asset_scanner - [AssetScannerLoop] Schedule Start.
[2020-11-20 14:18:29,403] - INFO - process: 8501 - asset_scanner.py - utils.logger - 201 - asset_scanner - [AssetScannerLoop] Chech all child task status of k8s-node2(5fb74021b9e59f7b33de2fbe)
[2020-11-20 14:18:29,418] - INFO - process: 8501 - asset_scanner.py - utils.logger - 213 - asset_scanner - [AssetScannerLoop] k8s-node2(5fb74021b9e59f7b33de2fbe) poc task is unok
[2020-11-20 14:18:29,419] - INFO - process: 8501 - asset_scanner.py - utils.logger - 224 - asset_scanner - [AssetScannerLoop] Schedule Finished.
[2020-11-20 14:18:59,376] - INFO - process: 8501 - poc_scanner.py - utils.logger - 141 - poc_scanner - [PocScannerLoop] Schedule Start.
[2020-11-20 14:18:59,380] - INFO - process: 8501 - auth_scanner.py - utils.logger - 122 - auth_scanner - [AuthTesterLoop] Schedule Start.
[2020-11-20 14:18:59,393] - INFO - process: 8501 - poc_scanner.py - utils.logger - 151 - poc_scanner - [PocScannerLoop] 201120h18n_k8s(5fb75e99498fe85e47b2d629) process stats more than 3 min, try poc rescan...
[2020-11-20 14:18:59,395] - INFO - process: 8501 - asset_scanner.py - utils.logger - 180 - asset_scanner - [AssetScannerLoop] Schedule Start.
[2020-11-20 14:18:59,397] - INFO - process: 8501 - auth_scanner.py - utils.logger - 154 - auth_scanner - [AuthTesterLoop] Schedule Finished.
[2020-11-20 14:18:59,401] - INFO - process: 8501 - awvs_scanner.py - utils.logger - 36 - awvs_scanner - [AwvsTaskLoop] Schedule Start.
[2020-11-20 14:18:59,409] - INFO - process: 8501 - awvs_scanner.py - utils.logger - 49 - awvs_scanner - [AwvsTaskLoop] Finished AwvsTaskLoop Task...(no need tasks).
[2020-11-20 14:18:59,411] - INFO - process: 8501 - asset_scanner.py - utils.logger - 201 - asset_scanner - [AssetScannerLoop] Chech all child task status of k8s-node2(5fb74021b9e59f7b33de2fbe)
[2020-11-20 14:18:59,438] - INFO - process: 8501 - asset_scanner.py - utils.logger - 213 - asset_scanner - [AssetScannerLoop] k8s-node2(5fb74021b9e59f7b33de2fbe) poc task is unok
[2020-11-20 14:18:59,439] - INFO - process: 8501 - asset_scanner.py - utils.logger - 224 - asset_scanner - [AssetScannerLoop] Schedule Finished.
[2020-11-20 14:18:59,461] - INFO - process: 8501 - poc_scanner.py - utils.logger - 97 - poc_scanner - [PocScanner] 201120h18n_k8s(5fb75e99498fe85e47b2d629) Task Start >>>.
[2020-11-20 14:18:59,461] - INFO - process: 8501 - poc_scanner.py - utils.logger - 151 - poc_scanner - [PocScannerLoop] 201120ls91_k8s(5fb75e99498fe85e47b2d62b) process stats more than 3 min, try poc rescan...
[2020-11-20 14:18:59,596] - INFO - process: 8501 - poc_scanner.py - utils.logger - 97 - poc_scanner - [PocScanner] 201120ls91_k8s(5fb75e99498fe85e47b2d62b) Task Start >>>.
[2020-11-20 14:18:59,597] - INFO - process: 8501 - poc_scanner.py - utils.logger - 181 - poc_scanner - [PocScannerLoop] Schedule Finished.
[2020-11-20 14:18:59,684] - INFO - process: 9461 - poc_scanner.py - utils.logger - 35 - poc_scanner - [PocScanner] 201120h18n_k8s(node2.k8s:445) verify poc(MS17-010 SMB RCE)  all_times: 5
[2020-11-20 14:18:59,772] - INFO - process: 9483 - poc_scanner.py - utils.logger - 35 - poc_scanner - [PocScanner] 201120ls91_k8s(node2.k8s:6379) verify poc(Redis Unauthorized)  all_times: 5
[2020-11-20 14:18:59,777] - INFO - process: 9483 - poc_scanner.py - utils.logger - 45 - poc_scanner - [PocScanner] 201120ls91_k8s(node2.k8s:6379) verify poc(Redis Unauthorized) in 1 times, result: {'VerifyInfo': {'URL': 'mongo://node2.k8s:6379', 'Payload': '*1\r\n$4\r\ninfo\r\n', 'Result': '$1878\r\n# Server\r\nredis_version:2.8.23\r\nredis_git_sha1:00000000\r\nredis_git_dirty:0\r\nredis_build_id:f02b64ca84a0dc52\r\nredis_mode:standalone\r\nos:Linux 3.10.0-862.el7.x86_64 x86_64\r\narch_bits:64\r\nmultiplexing_api:epoll\r\ngcc_version:4.9.2\r\nprocess_id:1\r\nrun_id:64871654d74dda95503a11aa6236c9bde2ed862b\r\ntcp_port:6379\r\nuptime_in_seconds:247030\r\nuptime_in_days:2\r\nhz:10\r\nlru_clock:12017619\r\nconfig_file:\r\n\r\n# Clients\r\nconnected_clients:1\r\nclient_longest_output_list:0\r\nclient_biggest_input_buf:0\r\nblocked_clients:0\r\n\r\n# Memory\r\nused_memory:810512\r\nused_memory_human:791.52K\r\nused_memory_rss:7806976\r\nused_memory_peak:872864\r\nused_memory_peak_human:852.41K\r\nused_memory_lua:36864\r\nmem_fragmentation_ratio:9.63\r\nmem_allocator:jemalloc-3.6.0\r\n\r\n# Persistence\r\nloading:0\r\nrdb_changes_since_last_save:0\r\nrdb_bgsave_in_progress:0\r\nrdb_last_save_time:1605795628\r\nrdb_last_bgsave_status:ok\r\nrdb_last_bgsave_time_sec:0\r\nrdb_current_bgsave_time_sec:-1\r\naof_enabled:0\r\naof_rewrite_in_progress:0\r\naof_rewrite_scheduled:0\r\naof_last_rewrite_time'}}
[2020-11-20 14:18:59,908] - INFO - process: 8501 - poc_scanner.py - utils.logger - 125 - poc_scanner - [PocScanner] 201120ls91_k8s(5fb75e99498fe85e47b2d62b) Task Finished <<<.
[2020-11-20 14:19:05,905] - INFO - process: 9461 - poc_scanner.py - utils.logger - 40 - poc_scanner - [PocScanner] 201120h18n_k8s(node2.k8s:445) verify poc(MS17-010 SMB RCE) more than 5 times, result: (u'node2.k8s:445', 'MS17-010 SMB RCE', '00005', 'SMB Server', 'All', (0, 'Internet noting return'), '2020-11-20 14:19:05', '{}')
[2020-11-20 14:19:05,939] - INFO - process: 8501 - poc_scanner.py - utils.logger - 125 - poc_scanner - [PocScanner] 201120h18n_k8s(5fb75e99498fe85e47b2d629) Task Finished <<<.
[2020-11-20 14:19:29,394] - INFO - process: 8501 - asset_scanner.py - utils.logger - 180 - asset_scanner - [AssetScannerLoop] Schedule Start.
[2020-11-20 14:19:29,403] - INFO - process: 8501 - asset_scanner.py - utils.logger - 201 - asset_scanner - [AssetScannerLoop] Chech all child task status of k8s-node2(5fb74021b9e59f7b33de2fbe)
[2020-11-20 14:19:29,441] - INFO - process: 8501 - asset_scanner.py - utils.logger - 177 - asset_scanner - [AssetScannerLoop] refresh k8s-node2(5fb74021b9e59f7b33de2fbe) asset status(Completed).
[2020-11-20 14:19:29,441] - INFO - process: 8501 - asset_scanner.py - utils.logger - 224 - asset_scanner - [AssetScannerLoop] Schedule Finished.
