[2020-11-20 11:32:39,858] - INFO - process: 10594 - asset_scanner.py - utils.logger - 152 - asset_scanner - [AssetScanner] k8s-node2(5fb5187996136cdd11edaf88) Task Start >>>.
[2020-11-20 11:32:46,810] - INFO - process: 10594 - asset_scanner.py - utils.logger - 180 - asset_scanner - [AssetScannerLoop] Schedule Start.
[2020-11-20 11:32:46,823] - INFO - process: 10594 - asset_scanner.py - utils.logger - 196 - asset_scanner - [AssetScannerLoop] The k8s-node2(5fb5187996136cdd11edaf88) does not have any port.(no records)
[2020-11-20 11:32:46,824] - INFO - process: 10594 - asset_scanner.py - utils.logger - 224 - asset_scanner - [AssetScannerLoop] Schedule Finished.
[2020-11-20 11:33:16,810] - INFO - process: 10594 - asset_scanner.py - utils.logger - 180 - asset_scanner - [AssetScannerLoop] Schedule Start.
[2020-11-20 11:33:16,816] - INFO - process: 10594 - asset_scanner.py - utils.logger - 196 - asset_scanner - [AssetScannerLoop] The k8s-node2(5fb5187996136cdd11edaf88) does not have any port.(no records)
[2020-11-20 11:33:16,816] - INFO - process: 10594 - asset_scanner.py - utils.logger - 224 - asset_scanner - [AssetScannerLoop] Schedule Finished.
[2020-11-20 11:33:16,839] - INFO - process: 10594 - auth_scanner.py - utils.logger - 122 - auth_scanner - [AuthTesterLoop] Schedule Start.
[2020-11-20 11:33:16,845] - INFO - process: 10594 - awvs_scanner.py - utils.logger - 36 - awvs_scanner - [AwvsTaskLoop] Schedule Start.
[2020-11-20 11:33:16,847] - INFO - process: 10594 - auth_scanner.py - utils.logger - 154 - auth_scanner - [AuthTesterLoop] Schedule Finished.
[2020-11-20 11:33:16,849] - INFO - process: 10594 - poc_scanner.py - utils.logger - 141 - poc_scanner - [PocScannerLoop] Schedule Start.
[2020-11-20 11:33:16,852] - INFO - process: 10594 - awvs_scanner.py - utils.logger - 49 - awvs_scanner - [AwvsTaskLoop] Finished AwvsTaskLoop Task...(no need tasks).
[2020-11-20 11:33:16,854] - INFO - process: 10594 - poc_scanner.py - utils.logger - 181 - poc_scanner - [PocScannerLoop] Schedule Finished.
[2020-11-20 11:33:46,810] - INFO - process: 10594 - asset_scanner.py - utils.logger - 180 - asset_scanner - [AssetScannerLoop] Schedule Start.
[2020-11-20 11:33:46,818] - INFO - process: 10594 - asset_scanner.py - utils.logger - 196 - asset_scanner - [AssetScannerLoop] The k8s-node2(5fb5187996136cdd11edaf88) does not have any port.(no records)
[2020-11-20 11:33:46,819] - INFO - process: 10594 - asset_scanner.py - utils.logger - 224 - asset_scanner - [AssetScannerLoop] Schedule Finished.
[2020-11-20 11:34:16,811] - INFO - process: 10594 - asset_scanner.py - utils.logger - 180 - asset_scanner - [AssetScannerLoop] Schedule Start.
[2020-11-20 11:34:16,818] - INFO - process: 10594 - asset_scanner.py - utils.logger - 196 - asset_scanner - [AssetScannerLoop] The k8s-node2(5fb5187996136cdd11edaf88) does not have any port.(no records)
[2020-11-20 11:34:16,818] - INFO - process: 10594 - asset_scanner.py - utils.logger - 224 - asset_scanner - [AssetScannerLoop] Schedule Finished.
[2020-11-20 11:34:16,840] - INFO - process: 10594 - auth_scanner.py - utils.logger - 122 - auth_scanner - [AuthTesterLoop] Schedule Start.
[2020-11-20 11:34:16,845] - INFO - process: 10594 - auth_scanner.py - utils.logger - 154 - auth_scanner - [AuthTesterLoop] Schedule Finished.
[2020-11-20 11:34:16,848] - INFO - process: 10594 - awvs_scanner.py - utils.logger - 36 - awvs_scanner - [AwvsTaskLoop] Schedule Start.
[2020-11-20 11:34:16,849] - INFO - process: 10594 - poc_scanner.py - utils.logger - 141 - poc_scanner - [PocScannerLoop] Schedule Start.
[2020-11-20 11:34:16,854] - INFO - process: 10594 - awvs_scanner.py - utils.logger - 49 - awvs_scanner - [AwvsTaskLoop] Finished AwvsTaskLoop Task...(no need tasks).
[2020-11-20 11:34:16,856] - INFO - process: 10594 - poc_scanner.py - utils.logger - 181 - poc_scanner - [PocScannerLoop] Schedule Finished.
[2020-11-20 11:34:46,810] - INFO - process: 10594 - asset_scanner.py - utils.logger - 180 - asset_scanner - [AssetScannerLoop] Schedule Start.
[2020-11-20 11:34:46,818] - INFO - process: 10594 - asset_scanner.py - utils.logger - 196 - asset_scanner - [AssetScannerLoop] The k8s-node2(5fb5187996136cdd11edaf88) does not have any port.(no records)
[2020-11-20 11:34:46,818] - INFO - process: 10594 - asset_scanner.py - utils.logger - 224 - asset_scanner - [AssetScannerLoop] Schedule Finished.
[2020-11-20 11:34:50,739] - INFO - process: 10594 - asset_scanner.py - utils.logger - 154 - asset_scanner - [AssetScanner] k8s-node2(5fb5187996136cdd11edaf88) set_tasks.
[2020-11-20 11:34:50,875] - INFO - process: 10594 - asset_scanner.py - utils.logger - 156 - asset_scanner - [AssetScanner] k8s-node2(5fb5187996136cdd11edaf88) Task Finished <<<.
[2020-11-20 11:35:16,810] - INFO - process: 10594 - asset_scanner.py - utils.logger - 180 - asset_scanner - [AssetScannerLoop] Schedule Start.
[2020-11-20 11:35:16,819] - INFO - process: 10594 - asset_scanner.py - utils.logger - 201 - asset_scanner - [AssetScannerLoop] Chech all child task status of k8s-node2(5fb5187996136cdd11edaf88)
[2020-11-20 11:35:16,824] - INFO - process: 10594 - asset_scanner.py - utils.logger - 207 - asset_scanner - [AssetScannerLoop] k8s-node2(5fb5187996136cdd11edaf88) auth task is unok
[2020-11-20 11:35:16,825] - INFO - process: 10594 - asset_scanner.py - utils.logger - 224 - asset_scanner - [AssetScannerLoop] Schedule Finished.
[2020-11-20 11:35:16,842] - INFO - process: 10594 - auth_scanner.py - utils.logger - 122 - auth_scanner - [AuthTesterLoop] Schedule Start.
[2020-11-20 11:35:16,845] - INFO - process: 10594 - awvs_scanner.py - utils.logger - 36 - awvs_scanner - [AwvsTaskLoop] Schedule Start.
[2020-11-20 11:35:16,852] - INFO - process: 10594 - auth_scanner.py - utils.logger - 132 - auth_scanner - [AuthTesterLoop] 201120m3fv_k8s(5fb7395a97cf6151637c7845) One time Scan Start...
[2020-11-20 11:35:16,854] - INFO - process: 10594 - poc_scanner.py - utils.logger - 141 - poc_scanner - [PocScannerLoop] Schedule Start.
[2020-11-20 11:35:16,857] - INFO - process: 10594 - awvs_scanner.py - utils.logger - 49 - awvs_scanner - [AwvsTaskLoop] Finished AwvsTaskLoop Task...(no need tasks).
[2020-11-20 11:35:16,867] - INFO - process: 10594 - poc_scanner.py - utils.logger - 158 - poc_scanner - [PocScannerLoop] 2011203g2n_k8s(5fb7395a97cf6151637c7846) One time Scan Start...
[2020-11-20 11:35:16,909] - INFO - process: 10594 - auth_scanner.py - utils.logger - 60 - auth_scanner - [AuthCrack] 201120m3fv_k8s(5fb7395a97cf6151637c7845) Task Start >>>.
[2020-11-20 11:35:16,910] - INFO - process: 10594 - poc_scanner.py - utils.logger - 97 - poc_scanner - [PocScanner] 2011203g2n_k8s(5fb7395a97cf6151637c7846) Task Start >>>.
[2020-11-20 11:35:16,911] - INFO - process: 10594 - poc_scanner.py - utils.logger - 158 - poc_scanner - [PocScannerLoop] 201120luxp_k8s(5fb7395a97cf6151637c7849) One time Scan Start...
[2020-11-20 11:35:16,911] - INFO - process: 10594 - auth_scanner.py - utils.logger - 132 - auth_scanner - [AuthTesterLoop] 201120gscw_k8s(5fb7395a97cf6151637c7847) One time Scan Start...
[2020-11-20 11:35:17,139] - INFO - process: 10594 - auth_scanner.py - utils.logger - 72 - auth_scanner - [AuthCrack] target_list=[u'node2.k8s']; service=ftp
[2020-11-20 11:35:17,197] - INFO - process: 10594 - poc_scanner.py - utils.logger - 158 - poc_scanner - [PocScannerLoop] 2011202ey9_k8s(5fb7395a97cf6151637c784c) One time Scan Start...
[2020-11-20 11:35:17,200] - INFO - process: 10594 - poc_scanner.py - utils.logger - 97 - poc_scanner - [PocScanner] 201120luxp_k8s(5fb7395a97cf6151637c7849) Task Start >>>.
[2020-11-20 11:35:17,212] - INFO - process: 10594 - auth_scanner.py - utils.logger - 60 - auth_scanner - [AuthCrack] 201120gscw_k8s(5fb7395a97cf6151637c7847) Task Start >>>.
[2020-11-20 11:35:17,213] - INFO - process: 10594 - auth_scanner.py - utils.logger - 132 - auth_scanner - [AuthTesterLoop] 201120wfun_k8s(5fb7395a97cf6151637c7848) One time Scan Start...
[2020-11-20 11:35:17,270] - INFO - process: 10888 - poc_scanner.py - utils.logger - 35 - poc_scanner - [PocScanner] 2011203g2n_k8s(node2.k8s:21) verify poc(vsFTPd 2.3.4 BackDoor)  all_times: 5
[2020-11-20 11:35:17,281] - INFO - process: 10888 - poc_scanner.py - utils.logger - 45 - poc_scanner - [PocScanner] 2011203g2n_k8s(node2.k8s:21) verify poc(vsFTPd 2.3.4 BackDoor) in 1 times, result: {'VerifyInfo': {'URL': u'node2.k8s:21 Backdoor Command Execution', 'Prompt': '331 Please specify the password.', 'Command': 'uptime', 'Banner': '220 (vsFTPd 2.3.4)\r\n', 'CommandResult': '03:35:17 up 3 days, 21:06,  load average: 0.42, 0.34, 0.26'}}
[2020-11-20 11:35:17,361] - INFO - process: 10594 - poc_scanner.py - utils.logger - 125 - poc_scanner - [PocScanner] 2011203g2n_k8s(5fb7395a97cf6151637c7846) Task Finished <<<.
[2020-11-20 11:35:17,385] - INFO - process: 10594 - poc_scanner.py - utils.logger - 158 - poc_scanner - [PocScannerLoop] 201120fsud_k8s(5fb7395a97cf6151637c784f) One time Scan Start...
[2020-11-20 11:35:17,386] - INFO - process: 10594 - poc_scanner.py - utils.logger - 97 - poc_scanner - [PocScanner] 2011202ey9_k8s(5fb7395a97cf6151637c784c) Task Start >>>.
[2020-11-20 11:35:17,416] - INFO - process: 10594 - auth_scanner.py - utils.logger - 60 - auth_scanner - [AuthCrack] 201120wfun_k8s(5fb7395a97cf6151637c7848) Task Start >>>.
[2020-11-20 11:35:17,417] - INFO - process: 10594 - auth_scanner.py - utils.logger - 132 - auth_scanner - [AuthTesterLoop] 201120vima_k8s(5fb7395a97cf6151637c784a) One time Scan Start...
[2020-11-20 11:35:17,625] - INFO - process: 10594 - auth_scanner.py - utils.logger - 72 - auth_scanner - [AuthCrack] target_list=[u'node2.k8s']; service=ssh
[2020-11-20 11:35:17,662] - INFO - process: 10594 - poc_scanner.py - utils.logger - 158 - poc_scanner - [PocScannerLoop] 201120she3_k8s(5fb7395a97cf6151637c7852) One time Scan Start...
[2020-11-20 11:35:17,663] - INFO - process: 10594 - poc_scanner.py - utils.logger - 97 - poc_scanner - [PocScanner] 201120fsud_k8s(5fb7395a97cf6151637c784f) Task Start >>>.
[2020-11-20 11:35:17,677] - INFO - process: 10936 - poc_scanner.py - utils.logger - 35 - poc_scanner - [PocScanner] 201120luxp_k8s(node2.k8s:21) verify poc(vsFTPd 2.3.4 BackDoor)  all_times: 5
[2020-11-20 11:35:17,680] - INFO - process: 10594 - auth_scanner.py - utils.logger - 60 - auth_scanner - [AuthCrack] 201120vima_k8s(5fb7395a97cf6151637c784a) Task Start >>>.
[2020-11-20 11:35:17,686] - INFO - process: 10936 - poc_scanner.py - utils.logger - 45 - poc_scanner - [PocScanner] 201120luxp_k8s(node2.k8s:21) verify poc(vsFTPd 2.3.4 BackDoor) in 1 times, result: {'VerifyInfo': {'URL': u'node2.k8s:21 Backdoor Command Execution', 'Prompt': '331 Please specify the password.', 'Command': 'uptime', 'Banner': '220 (vsFTPd 2.3.4)\r\n', 'CommandResult': '03:35:17 up 3 days, 21:06,  load average: 0.42, 0.34, 0.26'}}
[2020-11-20 11:35:17,681] - INFO - process: 10594 - auth_scanner.py - utils.logger - 132 - auth_scanner - [AuthTesterLoop] 201120hnol_k8s(5fb7395a97cf6151637c784b) One time Scan Start...
[2020-11-20 11:35:17,874] - INFO - process: 10594 - poc_scanner.py - utils.logger - 125 - poc_scanner - [PocScanner] 201120luxp_k8s(5fb7395a97cf6151637c7849) Task Finished <<<.
[2020-11-20 11:35:17,895] - INFO - process: 10594 - poc_scanner.py - utils.logger - 97 - poc_scanner - [PocScanner] 201120she3_k8s(5fb7395a97cf6151637c7852) Task Start >>>.
[2020-11-20 11:35:17,914] - INFO - process: 10594 - poc_scanner.py - utils.logger - 158 - poc_scanner - [PocScannerLoop] 20112048dl_k8s(5fb7395a97cf6151637c7855) One time Scan Start...
[2020-11-20 11:35:18,014] - INFO - process: 10594 - auth_scanner.py - utils.logger - 60 - auth_scanner - [AuthCrack] 201120hnol_k8s(5fb7395a97cf6151637c784b) Task Start >>>.
[2020-11-20 11:35:18,016] - INFO - process: 10594 - auth_scanner.py - utils.logger - 132 - auth_scanner - [AuthTesterLoop] 2011206trc_k8s(5fb7395a97cf6151637c784d) One time Scan Start...
[2020-11-20 11:35:18,061] - INFO - process: 10966 - poc_scanner.py - utils.logger - 35 - poc_scanner - [PocScanner] 2011202ey9_k8s(node2.k8s:21) verify poc(vsFTPd 2.3.4 BackDoor)  all_times: 5
[2020-11-20 11:35:18,072] - INFO - process: 10966 - poc_scanner.py - utils.logger - 45 - poc_scanner - [PocScanner] 2011202ey9_k8s(node2.k8s:21) verify poc(vsFTPd 2.3.4 BackDoor) in 1 times, result: {'VerifyInfo': {'URL': u'node2.k8s:21 Backdoor Command Execution', 'Prompt': '331 Please specify the password.', 'Command': 'uptime', 'Banner': '220 (vsFTPd 2.3.4)\r\n', 'CommandResult': '03:35:18 up 3 days, 21:06,  load average: 0.46, 0.35, 0.26'}}
[2020-11-20 11:35:18,100] - INFO - process: 10594 - auth_scanner.py - utils.logger - 72 - auth_scanner - [AuthCrack] target_list=[u'node2.k8s']; service=ftp
[2020-11-20 11:35:18,156] - INFO - process: 10594 - poc_scanner.py - utils.logger - 97 - poc_scanner - [PocScanner] 20112048dl_k8s(5fb7395a97cf6151637c7855) Task Start >>>.
[2020-11-20 11:35:18,162] - INFO - process: 10594 - poc_scanner.py - utils.logger - 125 - poc_scanner - [PocScanner] 2011202ey9_k8s(5fb7395a97cf6151637c784c) Task Finished <<<.
[2020-11-20 11:35:18,159] - INFO - process: 10594 - poc_scanner.py - utils.logger - 158 - poc_scanner - [PocScannerLoop] 2011208n7x_k8s(5fb7395a97cf6151637c7858) One time Scan Start...
[2020-11-20 11:35:18,312] - INFO - process: 10594 - auth_scanner.py - utils.logger - 60 - auth_scanner - [AuthCrack] 2011206trc_k8s(5fb7395a97cf6151637c784d) Task Start >>>.
[2020-11-20 11:35:18,331] - INFO - process: 10594 - auth_scanner.py - utils.logger - 132 - auth_scanner - [AuthTesterLoop] 2011206dav_k8s(5fb7395a97cf6151637c784e) One time Scan Start...
[2020-11-20 11:35:18,422] - INFO - process: 11011 - poc_scanner.py - utils.logger - 35 - poc_scanner - [PocScanner] 201120fsud_k8s(node2.k8s:21) verify poc(vsFTPd 2.3.4 BackDoor)  all_times: 5
[2020-11-20 11:35:18,432] - INFO - process: 11011 - poc_scanner.py - utils.logger - 45 - poc_scanner - [PocScanner] 201120fsud_k8s(node2.k8s:21) verify poc(vsFTPd 2.3.4 BackDoor) in 1 times, result: {'VerifyInfo': {'URL': u'node2.k8s:21 Backdoor Command Execution', 'Prompt': '331 Please specify the password.', 'Command': 'uptime', 'Banner': '220 (vsFTPd 2.3.4)\r\n', 'CommandResult': '03:35:18 up 3 days, 21:06,  load average: 0.46, 0.35, 0.26'}}
[2020-11-20 11:35:18,458] - INFO - process: 10594 - poc_scanner.py - utils.logger - 158 - poc_scanner - [PocScannerLoop] 201120ip19_k8s(5fb7395a97cf6151637c785b) One time Scan Start...
[2020-11-20 11:35:18,469] - INFO - process: 10594 - poc_scanner.py - utils.logger - 97 - poc_scanner - [PocScanner] 2011208n7x_k8s(5fb7395a97cf6151637c7858) Task Start >>>.
[2020-11-20 11:35:18,496] - INFO - process: 10594 - auth_scanner.py - utils.logger - 72 - auth_scanner - [AuthCrack] target_list=[u'node2.k8s']; service=ssh
[2020-11-20 11:35:18,587] - INFO - process: 10594 - poc_scanner.py - utils.logger - 125 - poc_scanner - [PocScanner] 201120fsud_k8s(5fb7395a97cf6151637c784f) Task Finished <<<.
[2020-11-20 11:35:18,608] - INFO - process: 10594 - auth_scanner.py - utils.logger - 60 - auth_scanner - [AuthCrack] 2011206dav_k8s(5fb7395a97cf6151637c784e) Task Start >>>.
[2020-11-20 11:35:18,609] - INFO - process: 10594 - auth_scanner.py - utils.logger - 132 - auth_scanner - [AuthTesterLoop] 201120b4u9_k8s(5fb7395a97cf6151637c7850) One time Scan Start...
[2020-11-20 11:35:18,672] - INFO - process: 10594 - poc_scanner.py - utils.logger - 97 - poc_scanner - [PocScanner] 201120ip19_k8s(5fb7395a97cf6151637c785b) Task Start >>>.
[2020-11-20 11:35:18,687] - INFO - process: 10594 - poc_scanner.py - utils.logger - 158 - poc_scanner - [PocScannerLoop] 20112092n8_k8s(5fb7395a97cf6151637c785d) One time Scan Start...
[2020-11-20 11:35:18,821] - INFO - process: 10594 - auth_scanner.py - utils.logger - 132 - auth_scanner - [AuthTesterLoop] 201120yzpo_k8s(5fb7395a97cf6151637c7851) One time Scan Start...
[2020-11-20 11:35:18,822] - INFO - process: 10594 - auth_scanner.py - utils.logger - 60 - auth_scanner - [AuthCrack] 201120b4u9_k8s(5fb7395a97cf6151637c7850) Task Start >>>.
[2020-11-20 11:35:18,923] - INFO - process: 10594 - poc_scanner.py - utils.logger - 97 - poc_scanner - [PocScanner] 20112092n8_k8s(5fb7395a97cf6151637c785d) Task Start >>>.
[2020-11-20 11:35:18,925] - INFO - process: 10594 - poc_scanner.py - utils.logger - 158 - poc_scanner - [PocScannerLoop] 201120lehn_k8s(5fb7395a97cf6151637c785f) One time Scan Start...
[2020-11-20 11:35:19,108] - INFO - process: 10594 - auth_scanner.py - utils.logger - 72 - auth_scanner - [AuthCrack] target_list=[u'node2.k8s']; service=ftp
[2020-11-20 11:35:19,123] - INFO - process: 10594 - auth_scanner.py - utils.logger - 60 - auth_scanner - [AuthCrack] 201120yzpo_k8s(5fb7395a97cf6151637c7851) Task Start >>>.
[2020-11-20 11:35:19,154] - INFO - process: 10594 - auth_scanner.py - utils.logger - 132 - auth_scanner - [AuthTesterLoop] 201120y5tu_k8s(5fb7395a97cf6151637c7853) One time Scan Start...
[2020-11-20 11:35:19,244] - INFO - process: 11048 - poc_scanner.py - utils.logger - 35 - poc_scanner - [PocScanner] 201120she3_k8s(node2.k8s:21) verify poc(vsFTPd 2.3.4 BackDoor)  all_times: 5
[2020-11-20 11:35:19,254] - INFO - process: 11048 - poc_scanner.py - utils.logger - 45 - poc_scanner - [PocScanner] 201120she3_k8s(node2.k8s:21) verify poc(vsFTPd 2.3.4 BackDoor) in 1 times, result: {'VerifyInfo': {'URL': u'node2.k8s:21 Backdoor Command Execution', 'Prompt': '331 Please specify the password.', 'Command': 'uptime', 'Banner': '220 (vsFTPd 2.3.4)\r\n', 'CommandResult': '03:35:19 up 3 days, 21:06,  load average: 0.46, 0.35, 0.26'}}
[2020-11-20 11:35:19,348] - INFO - process: 10594 - poc_scanner.py - utils.logger - 158 - poc_scanner - [PocScannerLoop] 201120nzqb_k8s(5fb7395a97cf6151637c7860) One time Scan Start...
[2020-11-20 11:35:19,351] - INFO - process: 10594 - poc_scanner.py - utils.logger - 97 - poc_scanner - [PocScanner] 201120lehn_k8s(5fb7395a97cf6151637c785f) Task Start >>>.
[2020-11-20 11:35:19,367] - INFO - process: 10594 - poc_scanner.py - utils.logger - 125 - poc_scanner - [PocScanner] 201120she3_k8s(5fb7395a97cf6151637c7852) Task Finished <<<.
[2020-11-20 11:35:19,429] - INFO - process: 11086 - poc_scanner.py - utils.logger - 35 - poc_scanner - [PocScanner] 20112048dl_k8s(node2.k8s:21) verify poc(vsFTPd 2.3.4 BackDoor)  all_times: 5
[2020-11-20 11:35:19,438] - INFO - process: 11086 - poc_scanner.py - utils.logger - 45 - poc_scanner - [PocScanner] 20112048dl_k8s(node2.k8s:21) verify poc(vsFTPd 2.3.4 BackDoor) in 1 times, result: {'VerifyInfo': {'URL': u'node2.k8s:21 Backdoor Command Execution', 'Prompt': '331 Please specify the password.', 'Command': 'uptime', 'Banner': '220 (vsFTPd 2.3.4)\r\n', 'CommandResult': '03:35:19 up 3 days, 21:06,  load average: 0.46, 0.35, 0.26'}}
[2020-11-20 11:35:19,490] - INFO - process: 10594 - auth_scanner.py - utils.logger - 60 - auth_scanner - [AuthCrack] 201120y5tu_k8s(5fb7395a97cf6151637c7853) Task Start >>>.
[2020-11-20 11:35:19,496] - INFO - process: 10594 - auth_scanner.py - utils.logger - 132 - auth_scanner - [AuthTesterLoop] 201120whe0_k8s(5fb7395a97cf6151637c7854) One time Scan Start...
[2020-11-20 11:35:19,502] - INFO - process: 10594 - poc_scanner.py - utils.logger - 125 - poc_scanner - [PocScanner] 20112048dl_k8s(5fb7395a97cf6151637c7855) Task Finished <<<.
[2020-11-20 11:35:19,568] - INFO - process: 10594 - auth_scanner.py - utils.logger - 72 - auth_scanner - [AuthCrack] target_list=[u'node2.k8s']; service=ssh
[2020-11-20 11:35:19,604] - INFO - process: 10594 - poc_scanner.py - utils.logger - 97 - poc_scanner - [PocScanner] 201120nzqb_k8s(5fb7395a97cf6151637c7860) Task Start >>>.
[2020-11-20 11:35:19,617] - INFO - process: 10594 - poc_scanner.py - utils.logger - 158 - poc_scanner - [PocScannerLoop] 2011208iek_k8s(5fb7395a97cf6151637c7862) One time Scan Start...
[2020-11-20 11:35:19,759] - INFO - process: 10594 - auth_scanner.py - utils.logger - 60 - auth_scanner - [AuthCrack] 201120whe0_k8s(5fb7395a97cf6151637c7854) Task Start >>>.
[2020-11-20 11:35:19,764] - INFO - process: 10594 - auth_scanner.py - utils.logger - 132 - auth_scanner - [AuthTesterLoop] 201120qp37_k8s(5fb7395a97cf6151637c7856) One time Scan Start...
[2020-11-20 11:35:19,855] - INFO - process: 10594 - poc_scanner.py - utils.logger - 158 - poc_scanner - [PocScannerLoop] 201120s9xe_k8s(5fb7395a97cf6151637c7864) One time Scan Start...
[2020-11-20 11:35:19,856] - INFO - process: 10594 - poc_scanner.py - utils.logger - 97 - poc_scanner - [PocScanner] 2011208iek_k8s(5fb7395a97cf6151637c7862) Task Start >>>.
[2020-11-20 11:35:20,068] - INFO - process: 11139 - poc_scanner.py - utils.logger - 35 - poc_scanner - [PocScanner] 2011208n7x_k8s(node2.k8s:21) verify poc(vsFTPd 2.3.4 BackDoor)  all_times: 5
[2020-11-20 11:35:20,078] - INFO - process: 11139 - poc_scanner.py - utils.logger - 45 - poc_scanner - [PocScanner] 2011208n7x_k8s(node2.k8s:21) verify poc(vsFTPd 2.3.4 BackDoor) in 1 times, result: {'VerifyInfo': {'URL': u'node2.k8s:21 Backdoor Command Execution', 'Prompt': '331 Please specify the password.', 'Command': 'uptime', 'Banner': '220 (vsFTPd 2.3.4)\r\n', 'CommandResult': '03:35:20 up 3 days, 21:06,  load average: 0.46, 0.35, 0.26'}}
[2020-11-20 11:35:20,112] - INFO - process: 10594 - auth_scanner.py - utils.logger - 60 - auth_scanner - [AuthCrack] 201120qp37_k8s(5fb7395a97cf6151637c7856) Task Start >>>.
[2020-11-20 11:35:20,114] - INFO - process: 10594 - auth_scanner.py - utils.logger - 132 - auth_scanner - [AuthTesterLoop] 201120k1cd_k8s(5fb7395a97cf6151637c7857) One time Scan Start...
[2020-11-20 11:35:20,168] - INFO - process: 10594 - poc_scanner.py - utils.logger - 158 - poc_scanner - [PocScannerLoop] 201120021v_k8s(5fb7395a97cf6151637c7866) One time Scan Start...
[2020-11-20 11:35:20,181] - INFO - process: 10594 - poc_scanner.py - utils.logger - 97 - poc_scanner - [PocScanner] 201120s9xe_k8s(5fb7395a97cf6151637c7864) Task Start >>>.
[2020-11-20 11:35:20,231] - INFO - process: 10594 - auth_scanner.py - utils.logger - 72 - auth_scanner - [AuthCrack] target_list=[u'node2.k8s']; service=ftp
[2020-11-20 11:35:20,256] - INFO - process: 10594 - poc_scanner.py - utils.logger - 125 - poc_scanner - [PocScanner] 2011208n7x_k8s(5fb7395a97cf6151637c7858) Task Finished <<<.
[2020-11-20 11:35:20,502] - INFO - process: 10594 - auth_scanner.py - utils.logger - 132 - auth_scanner - [AuthTesterLoop] 201120fn3u_k8s(5fb7395a97cf6151637c7859) One time Scan Start...
[2020-11-20 11:35:20,506] - INFO - process: 10594 - auth_scanner.py - utils.logger - 60 - auth_scanner - [AuthCrack] 201120k1cd_k8s(5fb7395a97cf6151637c7857) Task Start >>>.
[2020-11-20 11:35:20,511] - INFO - process: 10594 - poc_scanner.py - utils.logger - 97 - poc_scanner - [PocScanner] 201120021v_k8s(5fb7395a97cf6151637c7866) Task Start >>>.
[2020-11-20 11:35:20,513] - INFO - process: 10594 - poc_scanner.py - utils.logger - 158 - poc_scanner - [PocScannerLoop] 2011201kbh_k8s(5fb7395a97cf6151637c7867) One time Scan Start...
[2020-11-20 11:35:20,616] - INFO - process: 11168 - poc_scanner.py - utils.logger - 35 - poc_scanner - [PocScanner] 201120ip19_k8s(node2.k8s:21) verify poc(vsFTPd 2.3.4 BackDoor)  all_times: 5
[2020-11-20 11:35:20,626] - INFO - process: 11168 - poc_scanner.py - utils.logger - 45 - poc_scanner - [PocScanner] 201120ip19_k8s(node2.k8s:21) verify poc(vsFTPd 2.3.4 BackDoor) in 1 times, result: {'VerifyInfo': {'URL': u'node2.k8s:21 Backdoor Command Execution', 'Prompt': '331 Please specify the password.', 'Command': 'uptime', 'Banner': '220 (vsFTPd 2.3.4)\r\n', 'CommandResult': '03:35:20 up 3 days, 21:06,  load average: 0.46, 0.35, 0.26'}}
[2020-11-20 11:35:20,799] - INFO - process: 10594 - poc_scanner.py - utils.logger - 125 - poc_scanner - [PocScanner] 201120ip19_k8s(5fb7395a97cf6151637c785b) Task Finished <<<.
[2020-11-20 11:35:20,802] - INFO - process: 10594 - auth_scanner.py - utils.logger - 60 - auth_scanner - [AuthCrack] 201120fn3u_k8s(5fb7395a97cf6151637c7859) Task Start >>>.
[2020-11-20 11:35:20,803] - INFO - process: 10594 - auth_scanner.py - utils.logger - 132 - auth_scanner - [AuthTesterLoop] 201120bcl0_k8s(5fb7395a97cf6151637c785a) One time Scan Start...
[2020-11-20 11:35:20,805] - INFO - process: 10594 - auth_scanner.py - utils.logger - 72 - auth_scanner - [AuthCrack] target_list=[u'node2.k8s']; service=ssh
[2020-11-20 11:35:20,855] - INFO - process: 10594 - poc_scanner.py - utils.logger - 97 - poc_scanner - [PocScanner] 2011201kbh_k8s(5fb7395a97cf6151637c7867) Task Start >>>.
[2020-11-20 11:35:20,856] - INFO - process: 10594 - poc_scanner.py - utils.logger - 158 - poc_scanner - [PocScannerLoop] 201120a9c7_k8s(5fb7395a97cf6151637c7869) One time Scan Start...
[2020-11-20 11:35:21,112] - INFO - process: 10594 - auth_scanner.py - utils.logger - 132 - auth_scanner - [AuthTesterLoop] 2011206s2w_k8s(5fb7395a97cf6151637c785c) One time Scan Start...
[2020-11-20 11:35:21,152] - INFO - process: 10594 - auth_scanner.py - utils.logger - 60 - auth_scanner - [AuthCrack] 201120bcl0_k8s(5fb7395a97cf6151637c785a) Task Start >>>.
[2020-11-20 11:35:21,190] - INFO - process: 10594 - poc_scanner.py - utils.logger - 158 - poc_scanner - [PocScannerLoop] 201120nis9_k8s(5fb7395a97cf6151637c786b) One time Scan Start...
[2020-11-20 11:35:21,245] - INFO - process: 10594 - poc_scanner.py - utils.logger - 97 - poc_scanner - [PocScanner] 201120a9c7_k8s(5fb7395a97cf6151637c7869) Task Start >>>.
[2020-11-20 11:35:21,492] - INFO - process: 10594 - auth_scanner.py - utils.logger - 60 - auth_scanner - [AuthCrack] 2011206s2w_k8s(5fb7395a97cf6151637c785c) Task Start >>>.
[2020-11-20 11:35:21,494] - INFO - process: 10594 - auth_scanner.py - utils.logger - 132 - auth_scanner - [AuthTesterLoop] 20112009st_k8s(5fb7395a97cf6151637c785e) One time Scan Start...
[2020-11-20 11:35:21,710] - INFO - process: 10594 - poc_scanner.py - utils.logger - 97 - poc_scanner - [PocScanner] 201120nis9_k8s(5fb7395a97cf6151637c786b) Task Start >>>.
[2020-11-20 11:35:21,715] - INFO - process: 10594 - poc_scanner.py - utils.logger - 158 - poc_scanner - [PocScannerLoop] 20112085pm_k8s(5fb7395a97cf6151637c786d) One time Scan Start...
[2020-11-20 11:35:21,728] - INFO - process: 10594 - auth_scanner.py - utils.logger - 72 - auth_scanner - [AuthCrack] target_list=[u'node2.k8s']; service=ftp
[2020-11-20 11:35:21,872] - INFO - process: 10594 - auth_scanner.py - utils.logger - 60 - auth_scanner - [AuthCrack] 20112009st_k8s(5fb7395a97cf6151637c785e) Task Start >>>.
[2020-11-20 11:35:21,874] - INFO - process: 10594 - auth_scanner.py - utils.logger - 132 - auth_scanner - [AuthTesterLoop] 201120x7vm_k8s(5fb7395a97cf6151637c7861) One time Scan Start...
[2020-11-20 11:35:22,094] - INFO - process: 10594 - poc_scanner.py - utils.logger - 97 - poc_scanner - [PocScanner] 20112085pm_k8s(5fb7395a97cf6151637c786d) Task Start >>>.
[2020-11-20 11:35:22,095] - INFO - process: 10594 - poc_scanner.py - utils.logger - 158 - poc_scanner - [PocScannerLoop] 201120xp3d_k8s(5fb7395a97cf6151637c786e) One time Scan Start...
[2020-11-20 11:35:22,291] - INFO - process: 10594 - auth_scanner.py - utils.logger - 60 - auth_scanner - [AuthCrack] 201120x7vm_k8s(5fb7395a97cf6151637c7861) Task Start >>>.
[2020-11-20 11:35:22,296] - INFO - process: 10594 - auth_scanner.py - utils.logger - 132 - auth_scanner - [AuthTesterLoop] 2011207xiu_k8s(5fb7395a97cf6151637c7863) One time Scan Start...
[2020-11-20 11:35:22,513] - INFO - process: 10594 - poc_scanner.py - utils.logger - 97 - poc_scanner - [PocScanner] 201120xp3d_k8s(5fb7395a97cf6151637c786e) Task Start >>>.
[2020-11-20 11:35:22,519] - INFO - process: 10594 - poc_scanner.py - utils.logger - 181 - poc_scanner - [PocScannerLoop] Schedule Finished.
[2020-11-20 11:35:22,730] - INFO - process: 10594 - auth_scanner.py - utils.logger - 72 - auth_scanner - [AuthCrack] target_list=[u'node2.k8s']; service=ssh
[2020-11-20 11:35:22,761] - INFO - process: 10594 - auth_scanner.py - utils.logger - 132 - auth_scanner - [AuthTesterLoop] 201120zhr7_k8s(5fb7395a97cf6151637c7865) One time Scan Start...
[2020-11-20 11:35:22,762] - INFO - process: 10594 - auth_scanner.py - utils.logger - 60 - auth_scanner - [AuthCrack] 2011207xiu_k8s(5fb7395a97cf6151637c7863) Task Start >>>.
[2020-11-20 11:35:23,917] - INFO - process: 10594 - auth_scanner.py - utils.logger - 60 - auth_scanner - [AuthCrack] 201120zhr7_k8s(5fb7395a97cf6151637c7865) Task Start >>>.
[2020-11-20 11:35:23,922] - INFO - process: 10594 - auth_scanner.py - utils.logger - 132 - auth_scanner - [AuthTesterLoop] 201120q72c_k8s(5fb7395a97cf6151637c7868) One time Scan Start...
[2020-11-20 11:35:24,018] - INFO - process: 10594 - auth_scanner.py - utils.logger - 72 - auth_scanner - [AuthCrack] target_list=[u'node2.k8s']; service=ftp
[2020-11-20 11:35:24,516] - INFO - process: 10594 - auth_scanner.py - utils.logger - 132 - auth_scanner - [AuthTesterLoop] 201120pc7o_k8s(5fb7395a97cf6151637c786a) One time Scan Start...
[2020-11-20 11:35:24,517] - INFO - process: 10594 - auth_scanner.py - utils.logger - 60 - auth_scanner - [AuthCrack] 201120q72c_k8s(5fb7395a97cf6151637c7868) Task Start >>>.
[2020-11-20 11:35:24,975] - INFO - process: 11340 - poc_scanner.py - utils.logger - 35 - poc_scanner - [PocScanner] 2011208iek_k8s(node2.k8s:21) verify poc(vsFTPd 2.3.4 BackDoor)  all_times: 5
[2020-11-20 11:35:24,993] - INFO - process: 11340 - poc_scanner.py - utils.logger - 45 - poc_scanner - [PocScanner] 2011208iek_k8s(node2.k8s:21) verify poc(vsFTPd 2.3.4 BackDoor) in 1 times, result: {'VerifyInfo': {'URL': u'node2.k8s:21 Backdoor Command Execution', 'Prompt': '331 Please specify the password.', 'Command': 'uptime', 'Banner': '220 (vsFTPd 2.3.4)\r\n', 'CommandResult': '03:35:24 up 3 days, 21:06,  load average: 0.43, 0.34, 0.26'}}
[2020-11-20 11:35:25,051] - INFO - process: 10594 - auth_scanner.py - utils.logger - 60 - auth_scanner - [AuthCrack] 201120pc7o_k8s(5fb7395a97cf6151637c786a) Task Start >>>.
[2020-11-20 11:35:25,059] - INFO - process: 10594 - auth_scanner.py - utils.logger - 132 - auth_scanner - [AuthTesterLoop] 201120n0tx_k8s(5fb7395a97cf6151637c786c) One time Scan Start...
[2020-11-20 11:35:25,288] - INFO - process: 10594 - auth_scanner.py - utils.logger - 72 - auth_scanner - [AuthCrack] target_list=[u'node2.k8s']; service=ssh
[2020-11-20 11:35:25,292] - INFO - process: 10594 - poc_scanner.py - utils.logger - 125 - poc_scanner - [PocScanner] 2011208iek_k8s(5fb7395a97cf6151637c7862) Task Finished <<<.
[2020-11-20 11:35:25,444] - INFO - process: 11357 - poc_scanner.py - utils.logger - 35 - poc_scanner - [PocScanner] 201120s9xe_k8s(node2.k8s:445) verify poc(MS17-010 SMB RCE)  all_times: 5
[2020-11-20 11:35:25,528] - INFO - process: 10594 - auth_scanner.py - utils.logger - 154 - auth_scanner - [AuthTesterLoop] Schedule Finished.
[2020-11-20 11:35:25,529] - INFO - process: 10594 - auth_scanner.py - utils.logger - 60 - auth_scanner - [AuthCrack] 201120n0tx_k8s(5fb7395a97cf6151637c786c) Task Start >>>.
[2020-11-20 11:35:26,939] - INFO - process: 11404 - poc_scanner.py - utils.logger - 35 - poc_scanner - [PocScanner] 201120021v_k8s(node2.k8s:6379) verify poc(Redis Unauthorized)  all_times: 5
[2020-11-20 11:35:26,945] - INFO - process: 11404 - poc_scanner.py - utils.logger - 45 - poc_scanner - [PocScanner] 201120021v_k8s(node2.k8s:6379) verify poc(Redis Unauthorized) in 1 times, result: {'VerifyInfo': {'URL': 'mongo://node2.k8s:6379', 'Payload': '*1\r\n$4\r\ninfo\r\n', 'Result': '$1877\r\n# Server\r\nredis_version:2.8.23\r\nredis_git_sha1:00000000\r\nredis_git_dirty:0\r\nredis_build_id:f02b64ca84a0dc52\r\nredis_mode:standalone\r\nos:Linux 3.10.0-862.el7.x86_64 x86_64\r\narch_bits:64\r\nmultiplexing_api:epoll\r\ngcc_version:4.9.2\r\nprocess_id:1\r\nrun_id:64871654d74dda95503a11aa6236c9bde2ed862b\r\ntcp_port:6379\r\nuptime_in_seconds:237217\r\nuptime_in_days:2\r\nhz:10\r\nlru_clock:12007806\r\nconfig_file:\r\n\r\n# Clients\r\nconnected_clients:1\r\nclient_longest_output_list:0\r\nclient_biggest_input_buf:0\r\nblocked_clients:0\r\n\r\n# Memory\r\nused_memory:810512\r\nused_memory_human:791.52K\r\nused_memory_rss:7806976\r\nused_memory_peak:872864\r\nused_memory_peak_human:852.41K\r\nused_memory_lua:36864\r\nmem_fragmentation_ratio:9.63\r\nmem_allocator:jemalloc-3.6.0\r\n\r\n# Persistence\r\nloading:0\r\nrdb_changes_since_last_save:0\r\nrdb_bgsave_in_progress:0\r\nrdb_last_save_time:1605795628\r\nrdb_last_bgsave_status:ok\r\nrdb_last_bgsave_time_sec:0\r\nrdb_current_bgsave_time_sec:-1\r\naof_enabled:0\r\naof_rewrite_in_progress:0\r\naof_rewrite_scheduled:0\r\naof_last_rewrite_time'}}
[2020-11-20 11:35:27,954] - INFO - process: 10594 - poc_scanner.py - utils.logger - 125 - poc_scanner - [PocScanner] 201120021v_k8s(5fb7395a97cf6151637c7866) Task Finished <<<.
[2020-11-20 11:35:27,981] - INFO - process: 10594 - auth_scanner.py - utils.logger - 72 - auth_scanner - [AuthCrack] target_list=[u'node2.k8s']; service=ftp
[2020-11-20 11:35:29,056] - INFO - process: 10594 - auth_scanner.py - utils.logger - 72 - auth_scanner - [AuthCrack] target_list=[u'node2.k8s']; service=ssh
[2020-11-20 11:35:29,653] - INFO - process: 11440 - poc_scanner.py - utils.logger - 35 - poc_scanner - [PocScanner] 2011201kbh_k8s(node2.k8s:8081) verify poc(Apache Flink RCE)  all_times: 5
[2020-11-20 11:35:29,737] - INFO - process: 11440 - poc_scanner.py - utils.logger - 45 - poc_scanner - [PocScanner] 2011201kbh_k8s(node2.k8s:8081) verify poc(Apache Flink RCE) in 1 times, result: {'VerifyInfo': {'URL': u'http://node2.k8s:8081', 'Command': 'uptime', 'Result': '[ uptime ] execute success, result:\n 03:35:29 up 3 days, 21:07,  0 users,  load average: 0.64, 0.39, 0.28'}}
[2020-11-20 11:35:30,220] - INFO - process: 10594 - poc_scanner.py - utils.logger - 125 - poc_scanner - [PocScanner] 2011201kbh_k8s(5fb7395a97cf6151637c7867) Task Finished <<<.
[2020-11-20 11:35:30,300] - INFO - process: 10594 - auth_scanner.py - utils.logger - 72 - auth_scanner - [AuthCrack] target_list=[u'node2.k8s']; service=ftp
[2020-11-20 11:35:30,647] - INFO - process: 11481 - poc_scanner.py - utils.logger - 35 - poc_scanner - [PocScanner] 201120a9c7_k8s(node2.k8s:21) verify poc(vsFTPd 2.3.4 BackDoor)  all_times: 5
[2020-11-20 11:35:30,656] - INFO - process: 11481 - poc_scanner.py - utils.logger - 45 - poc_scanner - [PocScanner] 201120a9c7_k8s(node2.k8s:21) verify poc(vsFTPd 2.3.4 BackDoor) in 1 times, result: {'VerifyInfo': {'URL': u'node2.k8s:21 Backdoor Command Execution', 'Prompt': '331 Please specify the password.', 'Command': 'uptime', 'Banner': '220 (vsFTPd 2.3.4)\r\n', 'CommandResult': '03:35:30 up 3 days, 21:07,  load average: 0.63, 0.39, 0.28'}}
[2020-11-20 11:35:31,115] - INFO - process: 10594 - poc_scanner.py - utils.logger - 125 - poc_scanner - [PocScanner] 201120a9c7_k8s(5fb7395a97cf6151637c7869) Task Finished <<<.
[2020-11-20 11:35:31,117] - INFO - process: 10594 - auth_scanner.py - utils.logger - 72 - auth_scanner - [AuthCrack] target_list=[u'node2.k8s']; service=ssh
[2020-11-20 11:35:31,120] - INFO - process: 10594 - auth_scanner.py - utils.logger - 88 - auth_scanner - [AuthCrack] 201120b4u9_k8s(5fb7395a97cf6151637c7850) Save Result Done...
[2020-11-20 11:35:31,148] - INFO - process: 10594 - auth_scanner.py - utils.logger - 72 - auth_scanner - [AuthCrack] target_list=[u'node2.k8s']; service=redis
[2020-11-20 11:35:31,181] - INFO - process: 10594 - auth_scanner.py - utils.logger - 62 - auth_scanner - [AuthCrack] 201120b4u9_k8s(5fb7395a97cf6151637c7850) Task Finished <<<.
[2020-11-20 11:35:31,321] - INFO - process: 11559 - poc_scanner.py - utils.logger - 35 - poc_scanner - [PocScanner] 20112085pm_k8s(node2.k8s:6379) verify poc(Redis Unauthorized)  all_times: 5
[2020-11-20 11:35:31,326] - INFO - process: 11559 - poc_scanner.py - utils.logger - 45 - poc_scanner - [PocScanner] 20112085pm_k8s(node2.k8s:6379) verify poc(Redis Unauthorized) in 1 times, result: {'VerifyInfo': {'URL': 'mongo://node2.k8s:6379', 'Payload': '*1\r\n$4\r\ninfo\r\n', 'Result': '$1877\r\n# Server\r\nredis_version:2.8.23\r\nredis_git_sha1:00000000\r\nredis_git_dirty:0\r\nredis_build_id:f02b64ca84a0dc52\r\nredis_mode:standalone\r\nos:Linux 3.10.0-862.el7.x86_64 x86_64\r\narch_bits:64\r\nmultiplexing_api:epoll\r\ngcc_version:4.9.2\r\nprocess_id:1\r\nrun_id:64871654d74dda95503a11aa6236c9bde2ed862b\r\ntcp_port:6379\r\nuptime_in_seconds:237222\r\nuptime_in_days:2\r\nhz:10\r\nlru_clock:12007811\r\nconfig_file:\r\n\r\n# Clients\r\nconnected_clients:1\r\nclient_longest_output_list:0\r\nclient_biggest_input_buf:0\r\nblocked_clients:0\r\n\r\n# Memory\r\nused_memory:810512\r\nused_memory_human:791.52K\r\nused_memory_rss:7806976\r\nused_memory_peak:872864\r\nused_memory_peak_human:852.41K\r\nused_memory_lua:36864\r\nmem_fragmentation_ratio:9.63\r\nmem_allocator:jemalloc-3.6.0\r\n\r\n# Persistence\r\nloading:0\r\nrdb_changes_since_last_save:0\r\nrdb_bgsave_in_progress:0\r\nrdb_last_save_time:1605795628\r\nrdb_last_bgsave_status:ok\r\nrdb_last_bgsave_time_sec:0\r\nrdb_current_bgsave_time_sec:-1\r\naof_enabled:0\r\naof_rewrite_in_progress:0\r\naof_rewrite_scheduled:0\r\naof_last_rewrite_time'}}
[2020-11-20 11:35:31,339] - INFO - process: 10594 - auth_scanner.py - utils.logger - 72 - auth_scanner - [AuthCrack] target_list=[u'node2.k8s']; service=ftp
[2020-11-20 11:35:31,370] - INFO - process: 11535 - poc_scanner.py - utils.logger - 35 - poc_scanner - [PocScanner] 201120nis9_k8s(node2.k8s:445) verify poc(MS17-010 SMB RCE)  all_times: 5
[2020-11-20 11:35:31,422] - INFO - process: 10594 - poc_scanner.py - utils.logger - 125 - poc_scanner - [PocScanner] 20112085pm_k8s(5fb7395a97cf6151637c786d) Task Finished <<<.
[2020-11-20 11:35:31,459] - INFO - process: 11588 - poc_scanner.py - utils.logger - 35 - poc_scanner - [PocScanner] 201120xp3d_k8s(node2.k8s:8081) verify poc(Apache Flink RCE)  all_times: 5
[2020-11-20 11:35:31,494] - INFO - process: 11588 - poc_scanner.py - utils.logger - 45 - poc_scanner - [PocScanner] 201120xp3d_k8s(node2.k8s:8081) verify poc(Apache Flink RCE) in 1 times, result: {'VerifyInfo': {'URL': u'http://node2.k8s:8081', 'Command': 'uptime', 'Result': '[ uptime ] execute success, result:\n 03:35:31 up 3 days, 21:07,  0 users,  load average: 0.64, 0.39, 0.28'}}
[2020-11-20 11:35:31,541] - INFO - process: 10594 - auth_scanner.py - utils.logger - 72 - auth_scanner - [AuthCrack] target_list=[u'node2.k8s']; service=ssh
[2020-11-20 11:35:31,551] - INFO - process: 10594 - auth_scanner.py - utils.logger - 72 - auth_scanner - [AuthCrack] target_list=[u'node2.k8s']; service=redis
[2020-11-20 11:35:31,601] - INFO - process: 11357 - poc_scanner.py - utils.logger - 40 - poc_scanner - [PocScanner] 201120s9xe_k8s(node2.k8s:445) verify poc(MS17-010 SMB RCE) more than 5 times, result: (u'node2.k8s:445', 'MS17-010 SMB RCE', '00005', 'SMB Server', 'All', (0, 'Internet noting return'), '2020-11-20 11:35:31', '{}')
[2020-11-20 11:35:31,702] - INFO - process: 10594 - auth_scanner.py - utils.logger - 72 - auth_scanner - [AuthCrack] target_list=[u'node2.k8s']; service=ssh
[2020-11-20 11:35:31,714] - INFO - process: 10594 - poc_scanner.py - utils.logger - 125 - poc_scanner - [PocScanner] 201120xp3d_k8s(5fb7395a97cf6151637c786e) Task Finished <<<.
[2020-11-20 11:35:31,728] - INFO - process: 10594 - auth_scanner.py - utils.logger - 72 - auth_scanner - [AuthCrack] target_list=[u'node2.k8s']; service=ftp
[2020-11-20 11:35:31,762] - INFO - process: 10594 - auth_scanner.py - utils.logger - 72 - auth_scanner - [AuthCrack] target_list=[u'node2.k8s']; service=redis
[2020-11-20 11:35:31,802] - INFO - process: 10594 - poc_scanner.py - utils.logger - 125 - poc_scanner - [PocScanner] 201120s9xe_k8s(5fb7395a97cf6151637c7864) Task Finished <<<.
[2020-11-20 11:35:32,817] - INFO - process: 10594 - auth_scanner.py - utils.logger - 88 - auth_scanner - [AuthCrack] 201120y5tu_k8s(5fb7395a97cf6151637c7853) Save Result Done...
[2020-11-20 11:35:32,863] - INFO - process: 10594 - auth_scanner.py - utils.logger - 62 - auth_scanner - [AuthCrack] 201120y5tu_k8s(5fb7395a97cf6151637c7853) Task Finished <<<.
[2020-11-20 11:35:37,556] - INFO - process: 11535 - poc_scanner.py - utils.logger - 40 - poc_scanner - [PocScanner] 201120nis9_k8s(node2.k8s:445) verify poc(MS17-010 SMB RCE) more than 5 times, result: (u'node2.k8s:445', 'MS17-010 SMB RCE', '00005', 'SMB Server', 'All', (0, 'Internet noting return'), '2020-11-20 11:35:37', '{}')
[2020-11-20 11:35:37,659] - INFO - process: 10594 - poc_scanner.py - utils.logger - 125 - poc_scanner - [PocScanner] 201120nis9_k8s(5fb7395a97cf6151637c786b) Task Finished <<<.
[2020-11-20 11:35:41,381] - INFO - process: 10594 - auth_scanner.py - utils.logger - 88 - auth_scanner - [AuthCrack] 20112009st_k8s(5fb7395a97cf6151637c785e) Save Result Done...
[2020-11-20 11:35:41,390] - INFO - process: 10594 - auth_scanner.py - utils.logger - 62 - auth_scanner - [AuthCrack] 20112009st_k8s(5fb7395a97cf6151637c785e) Task Finished <<<.
[2020-11-20 11:35:41,605] - INFO - process: 10594 - auth_scanner.py - utils.logger - 88 - auth_scanner - [AuthCrack] 2011207xiu_k8s(5fb7395a97cf6151637c7863) Save Result Done...
[2020-11-20 11:35:41,609] - INFO - process: 10594 - auth_scanner.py - utils.logger - 62 - auth_scanner - [AuthCrack] 2011207xiu_k8s(5fb7395a97cf6151637c7863) Task Finished <<<.
[2020-11-20 11:35:41,806] - INFO - process: 10594 - auth_scanner.py - utils.logger - 88 - auth_scanner - [AuthCrack] 201120zhr7_k8s(5fb7395a97cf6151637c7865) Save Result Done...
[2020-11-20 11:35:41,846] - INFO - process: 10594 - auth_scanner.py - utils.logger - 62 - auth_scanner - [AuthCrack] 201120zhr7_k8s(5fb7395a97cf6151637c7865) Task Finished <<<.
[2020-11-20 11:35:41,945] - INFO - process: 10594 - auth_scanner.py - utils.logger - 88 - auth_scanner - [AuthCrack] 201120n0tx_k8s(5fb7395a97cf6151637c786c) Save Result Done...
[2020-11-20 11:35:41,958] - INFO - process: 10594 - auth_scanner.py - utils.logger - 62 - auth_scanner - [AuthCrack] 201120n0tx_k8s(5fb7395a97cf6151637c786c) Task Finished <<<.
[2020-11-20 11:35:46,815] - INFO - process: 10594 - asset_scanner.py - utils.logger - 180 - asset_scanner - [AssetScannerLoop] Schedule Start.
[2020-11-20 11:35:46,822] - INFO - process: 10594 - asset_scanner.py - utils.logger - 201 - asset_scanner - [AssetScannerLoop] Chech all child task status of k8s-node2(5fb5187996136cdd11edaf88)
[2020-11-20 11:35:46,827] - INFO - process: 10594 - asset_scanner.py - utils.logger - 207 - asset_scanner - [AssetScannerLoop] k8s-node2(5fb5187996136cdd11edaf88) auth task is unok
[2020-11-20 11:35:46,827] - INFO - process: 10594 - asset_scanner.py - utils.logger - 224 - asset_scanner - [AssetScannerLoop] Schedule Finished.
[2020-11-20 11:36:16,813] - INFO - process: 10594 - asset_scanner.py - utils.logger - 180 - asset_scanner - [AssetScannerLoop] Schedule Start.
[2020-11-20 11:36:16,820] - INFO - process: 10594 - asset_scanner.py - utils.logger - 201 - asset_scanner - [AssetScannerLoop] Chech all child task status of k8s-node2(5fb5187996136cdd11edaf88)
[2020-11-20 11:36:16,827] - INFO - process: 10594 - asset_scanner.py - utils.logger - 207 - asset_scanner - [AssetScannerLoop] k8s-node2(5fb5187996136cdd11edaf88) auth task is unok
[2020-11-20 11:36:16,828] - INFO - process: 10594 - asset_scanner.py - utils.logger - 224 - asset_scanner - [AssetScannerLoop] Schedule Finished.
[2020-11-20 11:36:16,843] - INFO - process: 10594 - auth_scanner.py - utils.logger - 122 - auth_scanner - [AuthTesterLoop] Schedule Start.
[2020-11-20 11:36:16,853] - INFO - process: 10594 - poc_scanner.py - utils.logger - 141 - poc_scanner - [PocScannerLoop] Schedule Start.
[2020-11-20 11:36:16,855] - INFO - process: 10594 - auth_scanner.py - utils.logger - 154 - auth_scanner - [AuthTesterLoop] Schedule Finished.
[2020-11-20 11:36:16,857] - INFO - process: 10594 - awvs_scanner.py - utils.logger - 36 - awvs_scanner - [AwvsTaskLoop] Schedule Start.
[2020-11-20 11:36:16,861] - INFO - process: 10594 - poc_scanner.py - utils.logger - 181 - poc_scanner - [PocScannerLoop] Schedule Finished.
[2020-11-20 11:36:16,863] - INFO - process: 10594 - awvs_scanner.py - utils.logger - 49 - awvs_scanner - [AwvsTaskLoop] Finished AwvsTaskLoop Task...(no need tasks).
[2020-11-20 11:36:32,287] - INFO - process: 10594 - auth_scanner.py - utils.logger - 104 - auth_scanner - [AuthCrack] Success Save Item Of None(ssh) By 201120vima_k8s(5fb7395a97cf6151637c784a), weekpassword id: 
[2020-11-20 11:36:32,289] - INFO - process: 10594 - auth_scanner.py - utils.logger - 88 - auth_scanner - [AuthCrack] 201120vima_k8s(5fb7395a97cf6151637c784a) Save Result Done...
[2020-11-20 11:36:32,339] - INFO - process: 10594 - auth_scanner.py - utils.logger - 62 - auth_scanner - [AuthCrack] 201120vima_k8s(5fb7395a97cf6151637c784a) Task Finished <<<.
[2020-11-20 11:36:32,847] - INFO - process: 10594 - auth_scanner.py - utils.logger - 104 - auth_scanner - [AuthCrack] Success Save Item Of None(ssh) By 201120gscw_k8s(5fb7395a97cf6151637c7847), weekpassword id: 
[2020-11-20 11:36:32,849] - INFO - process: 10594 - auth_scanner.py - utils.logger - 88 - auth_scanner - [AuthCrack] 201120gscw_k8s(5fb7395a97cf6151637c7847) Save Result Done...
[2020-11-20 11:36:32,884] - INFO - process: 10594 - auth_scanner.py - utils.logger - 62 - auth_scanner - [AuthCrack] 201120gscw_k8s(5fb7395a97cf6151637c7847) Task Finished <<<.
[2020-11-20 11:36:44,248] - INFO - process: 10594 - auth_scanner.py - utils.logger - 104 - auth_scanner - [AuthCrack] Success Save Item Of None(ssh) By 201120qp37_k8s(5fb7395a97cf6151637c7856), weekpassword id: 
[2020-11-20 11:36:44,249] - INFO - process: 10594 - auth_scanner.py - utils.logger - 88 - auth_scanner - [AuthCrack] 201120qp37_k8s(5fb7395a97cf6151637c7856) Save Result Done...
[2020-11-20 11:36:44,269] - INFO - process: 10594 - auth_scanner.py - utils.logger - 62 - auth_scanner - [AuthCrack] 201120qp37_k8s(5fb7395a97cf6151637c7856) Task Finished <<<.
[2020-11-20 11:36:46,809] - INFO - process: 10594 - asset_scanner.py - utils.logger - 180 - asset_scanner - [AssetScannerLoop] Schedule Start.
[2020-11-20 11:36:46,813] - INFO - process: 10594 - asset_scanner.py - utils.logger - 201 - asset_scanner - [AssetScannerLoop] Chech all child task status of k8s-node2(5fb5187996136cdd11edaf88)
[2020-11-20 11:36:46,816] - INFO - process: 10594 - asset_scanner.py - utils.logger - 207 - asset_scanner - [AssetScannerLoop] k8s-node2(5fb5187996136cdd11edaf88) auth task is unok
[2020-11-20 11:36:46,816] - INFO - process: 10594 - asset_scanner.py - utils.logger - 224 - asset_scanner - [AssetScannerLoop] Schedule Finished.
[2020-11-20 11:36:47,766] - INFO - process: 10594 - auth_scanner.py - utils.logger - 104 - auth_scanner - [AuthCrack] Success Save Item Of None(ssh) By 201120pc7o_k8s(5fb7395a97cf6151637c786a), weekpassword id: 
[2020-11-20 11:36:47,767] - INFO - process: 10594 - auth_scanner.py - utils.logger - 88 - auth_scanner - [AuthCrack] 201120pc7o_k8s(5fb7395a97cf6151637c786a) Save Result Done...
[2020-11-20 11:36:47,797] - INFO - process: 10594 - auth_scanner.py - utils.logger - 62 - auth_scanner - [AuthCrack] 201120pc7o_k8s(5fb7395a97cf6151637c786a) Task Finished <<<.
[2020-11-20 11:36:49,568] - INFO - process: 10594 - auth_scanner.py - utils.logger - 104 - auth_scanner - [AuthCrack] Success Save Item Of None(ssh) By 201120fn3u_k8s(5fb7395a97cf6151637c7859), weekpassword id: 
[2020-11-20 11:36:49,570] - INFO - process: 10594 - auth_scanner.py - utils.logger - 88 - auth_scanner - [AuthCrack] 201120fn3u_k8s(5fb7395a97cf6151637c7859) Save Result Done...
[2020-11-20 11:36:49,594] - INFO - process: 10594 - auth_scanner.py - utils.logger - 62 - auth_scanner - [AuthCrack] 201120fn3u_k8s(5fb7395a97cf6151637c7859) Task Finished <<<.
[2020-11-20 11:36:50,667] - INFO - process: 10594 - auth_scanner.py - utils.logger - 104 - auth_scanner - [AuthCrack] Success Save Item Of None(ftp) By 201120m3fv_k8s(5fb7395a97cf6151637c7845), weekpassword id: 
[2020-11-20 11:36:50,669] - INFO - process: 10594 - auth_scanner.py - utils.logger - 104 - auth_scanner - [AuthCrack] Success Save Item Of None(ftp) By 201120m3fv_k8s(5fb7395a97cf6151637c7845), weekpassword id: 
[2020-11-20 11:36:50,670] - INFO - process: 10594 - auth_scanner.py - utils.logger - 104 - auth_scanner - [AuthCrack] Success Save Item Of None(ftp) By 201120m3fv_k8s(5fb7395a97cf6151637c7845), weekpassword id: 
[2020-11-20 11:36:50,671] - INFO - process: 10594 - auth_scanner.py - utils.logger - 88 - auth_scanner - [AuthCrack] 201120m3fv_k8s(5fb7395a97cf6151637c7845) Save Result Done...
[2020-11-20 11:36:50,716] - INFO - process: 10594 - auth_scanner.py - utils.logger - 62 - auth_scanner - [AuthCrack] 201120m3fv_k8s(5fb7395a97cf6151637c7845) Task Finished <<<.
[2020-11-20 11:36:50,719] - INFO - process: 10594 - auth_scanner.py - utils.logger - 104 - auth_scanner - [AuthCrack] Success Save Item Of None(ftp) By 201120wfun_k8s(5fb7395a97cf6151637c7848), weekpassword id: 
[2020-11-20 11:36:50,720] - INFO - process: 10594 - auth_scanner.py - utils.logger - 104 - auth_scanner - [AuthCrack] Success Save Item Of None(ftp) By 201120wfun_k8s(5fb7395a97cf6151637c7848), weekpassword id: 
[2020-11-20 11:36:50,721] - INFO - process: 10594 - auth_scanner.py - utils.logger - 104 - auth_scanner - [AuthCrack] Success Save Item Of None(ftp) By 201120wfun_k8s(5fb7395a97cf6151637c7848), weekpassword id: 
[2020-11-20 11:36:50,722] - INFO - process: 10594 - auth_scanner.py - utils.logger - 88 - auth_scanner - [AuthCrack] 201120wfun_k8s(5fb7395a97cf6151637c7848) Save Result Done...
[2020-11-20 11:36:50,761] - INFO - process: 10594 - auth_scanner.py - utils.logger - 62 - auth_scanner - [AuthCrack] 201120wfun_k8s(5fb7395a97cf6151637c7848) Task Finished <<<.
[2020-11-20 11:36:53,081] - INFO - process: 10594 - auth_scanner.py - utils.logger - 104 - auth_scanner - [AuthCrack] Success Save Item Of None(ftp) By 2011206dav_k8s(5fb7395a97cf6151637c784e), weekpassword id: 
[2020-11-20 11:36:53,082] - INFO - process: 10594 - auth_scanner.py - utils.logger - 104 - auth_scanner - [AuthCrack] Success Save Item Of None(ftp) By 2011206dav_k8s(5fb7395a97cf6151637c784e), weekpassword id: 
[2020-11-20 11:36:53,084] - INFO - process: 10594 - auth_scanner.py - utils.logger - 104 - auth_scanner - [AuthCrack] Success Save Item Of None(ftp) By 2011206dav_k8s(5fb7395a97cf6151637c784e), weekpassword id: 
[2020-11-20 11:36:53,085] - INFO - process: 10594 - auth_scanner.py - utils.logger - 88 - auth_scanner - [AuthCrack] 2011206dav_k8s(5fb7395a97cf6151637c784e) Save Result Done...
[2020-11-20 11:36:53,101] - INFO - process: 10594 - auth_scanner.py - utils.logger - 62 - auth_scanner - [AuthCrack] 2011206dav_k8s(5fb7395a97cf6151637c784e) Task Finished <<<.
[2020-11-20 11:36:53,192] - INFO - process: 10594 - auth_scanner.py - utils.logger - 104 - auth_scanner - [AuthCrack] Success Save Item Of None(ftp) By 201120hnol_k8s(5fb7395a97cf6151637c784b), weekpassword id: 
[2020-11-20 11:36:53,194] - INFO - process: 10594 - auth_scanner.py - utils.logger - 104 - auth_scanner - [AuthCrack] Success Save Item Of None(ftp) By 201120hnol_k8s(5fb7395a97cf6151637c784b), weekpassword id: 
[2020-11-20 11:36:53,195] - INFO - process: 10594 - auth_scanner.py - utils.logger - 104 - auth_scanner - [AuthCrack] Success Save Item Of None(ftp) By 201120hnol_k8s(5fb7395a97cf6151637c784b), weekpassword id: 
[2020-11-20 11:36:53,197] - INFO - process: 10594 - auth_scanner.py - utils.logger - 88 - auth_scanner - [AuthCrack] 201120hnol_k8s(5fb7395a97cf6151637c784b) Save Result Done...
[2020-11-20 11:36:53,212] - INFO - process: 10594 - auth_scanner.py - utils.logger - 62 - auth_scanner - [AuthCrack] 201120hnol_k8s(5fb7395a97cf6151637c784b) Task Finished <<<.
[2020-11-20 11:36:55,547] - INFO - process: 10594 - auth_scanner.py - utils.logger - 104 - auth_scanner - [AuthCrack] Success Save Item Of None(ftp) By 201120yzpo_k8s(5fb7395a97cf6151637c7851), weekpassword id: 
[2020-11-20 11:36:55,549] - INFO - process: 10594 - auth_scanner.py - utils.logger - 104 - auth_scanner - [AuthCrack] Success Save Item Of None(ftp) By 201120yzpo_k8s(5fb7395a97cf6151637c7851), weekpassword id: 
[2020-11-20 11:36:55,550] - INFO - process: 10594 - auth_scanner.py - utils.logger - 104 - auth_scanner - [AuthCrack] Success Save Item Of None(ftp) By 201120yzpo_k8s(5fb7395a97cf6151637c7851), weekpassword id: 
[2020-11-20 11:36:55,552] - INFO - process: 10594 - auth_scanner.py - utils.logger - 88 - auth_scanner - [AuthCrack] 201120yzpo_k8s(5fb7395a97cf6151637c7851) Save Result Done...
[2020-11-20 11:36:55,591] - INFO - process: 10594 - auth_scanner.py - utils.logger - 62 - auth_scanner - [AuthCrack] 201120yzpo_k8s(5fb7395a97cf6151637c7851) Task Finished <<<.
[2020-11-20 11:36:58,217] - INFO - process: 10594 - auth_scanner.py - utils.logger - 104 - auth_scanner - [AuthCrack] Success Save Item Of None(ftp) By 201120whe0_k8s(5fb7395a97cf6151637c7854), weekpassword id: 
[2020-11-20 11:36:58,218] - INFO - process: 10594 - auth_scanner.py - utils.logger - 104 - auth_scanner - [AuthCrack] Success Save Item Of None(ftp) By 201120whe0_k8s(5fb7395a97cf6151637c7854), weekpassword id: 
[2020-11-20 11:36:58,220] - INFO - process: 10594 - auth_scanner.py - utils.logger - 104 - auth_scanner - [AuthCrack] Success Save Item Of None(ftp) By 201120whe0_k8s(5fb7395a97cf6151637c7854), weekpassword id: 
[2020-11-20 11:36:58,221] - INFO - process: 10594 - auth_scanner.py - utils.logger - 88 - auth_scanner - [AuthCrack] 201120whe0_k8s(5fb7395a97cf6151637c7854) Save Result Done...
[2020-11-20 11:36:58,225] - INFO - process: 10594 - auth_scanner.py - utils.logger - 62 - auth_scanner - [AuthCrack] 201120whe0_k8s(5fb7395a97cf6151637c7854) Task Finished <<<.
[2020-11-20 11:37:00,617] - INFO - process: 10594 - auth_scanner.py - utils.logger - 104 - auth_scanner - [AuthCrack] Success Save Item Of None(ssh) By 2011206trc_k8s(5fb7395a97cf6151637c784d), weekpassword id: 
[2020-11-20 11:37:00,619] - INFO - process: 10594 - auth_scanner.py - utils.logger - 88 - auth_scanner - [AuthCrack] 2011206trc_k8s(5fb7395a97cf6151637c784d) Save Result Done...
[2020-11-20 11:37:00,666] - INFO - process: 10594 - auth_scanner.py - utils.logger - 62 - auth_scanner - [AuthCrack] 2011206trc_k8s(5fb7395a97cf6151637c784d) Task Finished <<<.
[2020-11-20 11:37:01,632] - INFO - process: 10594 - auth_scanner.py - utils.logger - 104 - auth_scanner - [AuthCrack] Success Save Item Of None(ftp) By 201120k1cd_k8s(5fb7395a97cf6151637c7857), weekpassword id: 
[2020-11-20 11:37:01,633] - INFO - process: 10594 - auth_scanner.py - utils.logger - 104 - auth_scanner - [AuthCrack] Success Save Item Of None(ftp) By 201120k1cd_k8s(5fb7395a97cf6151637c7857), weekpassword id: 
[2020-11-20 11:37:01,634] - INFO - process: 10594 - auth_scanner.py - utils.logger - 104 - auth_scanner - [AuthCrack] Success Save Item Of None(ftp) By 201120k1cd_k8s(5fb7395a97cf6151637c7857), weekpassword id: 
[2020-11-20 11:37:01,635] - INFO - process: 10594 - auth_scanner.py - utils.logger - 88 - auth_scanner - [AuthCrack] 201120k1cd_k8s(5fb7395a97cf6151637c7857) Save Result Done...
[2020-11-20 11:37:01,685] - INFO - process: 10594 - auth_scanner.py - utils.logger - 62 - auth_scanner - [AuthCrack] 201120k1cd_k8s(5fb7395a97cf6151637c7857) Task Finished <<<.
[2020-11-20 11:37:03,545] - INFO - process: 10594 - auth_scanner.py - utils.logger - 104 - auth_scanner - [AuthCrack] Success Save Item Of None(ftp) By 201120bcl0_k8s(5fb7395a97cf6151637c785a), weekpassword id: 
[2020-11-20 11:37:03,547] - INFO - process: 10594 - auth_scanner.py - utils.logger - 104 - auth_scanner - [AuthCrack] Success Save Item Of None(ftp) By 201120bcl0_k8s(5fb7395a97cf6151637c785a), weekpassword id: 
[2020-11-20 11:37:03,548] - INFO - process: 10594 - auth_scanner.py - utils.logger - 104 - auth_scanner - [AuthCrack] Success Save Item Of None(ftp) By 201120bcl0_k8s(5fb7395a97cf6151637c785a), weekpassword id: 
[2020-11-20 11:37:03,549] - INFO - process: 10594 - auth_scanner.py - utils.logger - 88 - auth_scanner - [AuthCrack] 201120bcl0_k8s(5fb7395a97cf6151637c785a) Save Result Done...
[2020-11-20 11:37:03,590] - INFO - process: 10594 - auth_scanner.py - utils.logger - 62 - auth_scanner - [AuthCrack] 201120bcl0_k8s(5fb7395a97cf6151637c785a) Task Finished <<<.
[2020-11-20 11:37:03,654] - INFO - process: 10594 - auth_scanner.py - utils.logger - 104 - auth_scanner - [AuthCrack] Success Save Item Of None(ftp) By 201120x7vm_k8s(5fb7395a97cf6151637c7861), weekpassword id: 
[2020-11-20 11:37:03,656] - INFO - process: 10594 - auth_scanner.py - utils.logger - 104 - auth_scanner - [AuthCrack] Success Save Item Of None(ftp) By 201120x7vm_k8s(5fb7395a97cf6151637c7861), weekpassword id: 
[2020-11-20 11:37:03,657] - INFO - process: 10594 - auth_scanner.py - utils.logger - 104 - auth_scanner - [AuthCrack] Success Save Item Of None(ftp) By 201120x7vm_k8s(5fb7395a97cf6151637c7861), weekpassword id: 
[2020-11-20 11:37:03,658] - INFO - process: 10594 - auth_scanner.py - utils.logger - 88 - auth_scanner - [AuthCrack] 201120x7vm_k8s(5fb7395a97cf6151637c7861) Save Result Done...
[2020-11-20 11:37:03,683] - INFO - process: 10594 - auth_scanner.py - utils.logger - 62 - auth_scanner - [AuthCrack] 201120x7vm_k8s(5fb7395a97cf6151637c7861) Task Finished <<<.
[2020-11-20 11:37:03,941] - INFO - process: 10594 - auth_scanner.py - utils.logger - 104 - auth_scanner - [AuthCrack] Success Save Item Of None(ftp) By 201120q72c_k8s(5fb7395a97cf6151637c7868), weekpassword id: 
[2020-11-20 11:37:03,942] - INFO - process: 10594 - auth_scanner.py - utils.logger - 104 - auth_scanner - [AuthCrack] Success Save Item Of None(ftp) By 201120q72c_k8s(5fb7395a97cf6151637c7868), weekpassword id: 
[2020-11-20 11:37:03,943] - INFO - process: 10594 - auth_scanner.py - utils.logger - 104 - auth_scanner - [AuthCrack] Success Save Item Of None(ftp) By 201120q72c_k8s(5fb7395a97cf6151637c7868), weekpassword id: 
[2020-11-20 11:37:03,945] - INFO - process: 10594 - auth_scanner.py - utils.logger - 88 - auth_scanner - [AuthCrack] 201120q72c_k8s(5fb7395a97cf6151637c7868) Save Result Done...
[2020-11-20 11:37:03,967] - INFO - process: 10594 - auth_scanner.py - utils.logger - 62 - auth_scanner - [AuthCrack] 201120q72c_k8s(5fb7395a97cf6151637c7868) Task Finished <<<.
[2020-11-20 11:37:16,810] - INFO - process: 10594 - asset_scanner.py - utils.logger - 180 - asset_scanner - [AssetScannerLoop] Schedule Start.
[2020-11-20 11:37:16,814] - INFO - process: 10594 - asset_scanner.py - utils.logger - 201 - asset_scanner - [AssetScannerLoop] Chech all child task status of k8s-node2(5fb5187996136cdd11edaf88)
[2020-11-20 11:37:16,831] - INFO - process: 10594 - asset_scanner.py - utils.logger - 177 - asset_scanner - [AssetScannerLoop] refresh k8s-node2(5fb5187996136cdd11edaf88) asset status(Completed).
[2020-11-20 11:37:16,831] - INFO - process: 10594 - asset_scanner.py - utils.logger - 224 - asset_scanner - [AssetScannerLoop] Schedule Finished.
[2020-11-20 11:37:16,840] - INFO - process: 10594 - auth_scanner.py - utils.logger - 122 - auth_scanner - [AuthTesterLoop] Schedule Start.
[2020-11-20 11:37:16,847] - INFO - process: 10594 - auth_scanner.py - utils.logger - 154 - auth_scanner - [AuthTesterLoop] Schedule Finished.
[2020-11-20 11:37:16,850] - INFO - process: 10594 - awvs_scanner.py - utils.logger - 36 - awvs_scanner - [AwvsTaskLoop] Schedule Start.
[2020-11-20 11:37:16,851] - INFO - process: 10594 - poc_scanner.py - utils.logger - 141 - poc_scanner - [PocScannerLoop] Schedule Start.
[2020-11-20 11:37:16,854] - INFO - process: 10594 - awvs_scanner.py - utils.logger - 49 - awvs_scanner - [AwvsTaskLoop] Finished AwvsTaskLoop Task...(no need tasks).
[2020-11-20 11:37:16,858] - INFO - process: 10594 - poc_scanner.py - utils.logger - 181 - poc_scanner - [PocScannerLoop] Schedule Finished.
[2020-11-20 11:37:46,809] - INFO - process: 10594 - asset_scanner.py - utils.logger - 180 - asset_scanner - [AssetScannerLoop] Schedule Start.
[2020-11-20 11:37:46,814] - INFO - process: 10594 - asset_scanner.py - utils.logger - 224 - asset_scanner - [AssetScannerLoop] Schedule Finished.
[2020-11-20 11:38:16,808] - INFO - process: 10594 - asset_scanner.py - utils.logger - 180 - asset_scanner - [AssetScannerLoop] Schedule Start.
[2020-11-20 11:38:16,814] - INFO - process: 10594 - asset_scanner.py - utils.logger - 224 - asset_scanner - [AssetScannerLoop] Schedule Finished.
[2020-11-20 11:38:16,841] - INFO - process: 10594 - auth_scanner.py - utils.logger - 122 - auth_scanner - [AuthTesterLoop] Schedule Start.
[2020-11-20 11:38:16,843] - INFO - process: 10594 - awvs_scanner.py - utils.logger - 36 - awvs_scanner - [AwvsTaskLoop] Schedule Start.
[2020-11-20 11:38:16,852] - INFO - process: 10594 - poc_scanner.py - utils.logger - 141 - poc_scanner - [PocScannerLoop] Schedule Start.
[2020-11-20 11:38:16,854] - INFO - process: 10594 - auth_scanner.py - utils.logger - 154 - auth_scanner - [AuthTesterLoop] Schedule Finished.
[2020-11-20 11:38:16,856] - INFO - process: 10594 - awvs_scanner.py - utils.logger - 49 - awvs_scanner - [AwvsTaskLoop] Finished AwvsTaskLoop Task...(no need tasks).
[2020-11-20 11:38:16,859] - INFO - process: 10594 - poc_scanner.py - utils.logger - 181 - poc_scanner - [PocScannerLoop] Schedule Finished.
[2020-11-20 11:38:46,808] - INFO - process: 10594 - asset_scanner.py - utils.logger - 180 - asset_scanner - [AssetScannerLoop] Schedule Start.
[2020-11-20 11:38:46,811] - INFO - process: 10594 - asset_scanner.py - utils.logger - 224 - asset_scanner - [AssetScannerLoop] Schedule Finished.
[2020-11-20 11:39:16,807] - INFO - process: 10594 - asset_scanner.py - utils.logger - 180 - asset_scanner - [AssetScannerLoop] Schedule Start.
[2020-11-20 11:39:16,812] - INFO - process: 10594 - asset_scanner.py - utils.logger - 224 - asset_scanner - [AssetScannerLoop] Schedule Finished.
[2020-11-20 11:39:16,841] - INFO - process: 10594 - auth_scanner.py - utils.logger - 122 - auth_scanner - [AuthTesterLoop] Schedule Start.
[2020-11-20 11:39:16,850] - INFO - process: 10594 - auth_scanner.py - utils.logger - 154 - auth_scanner - [AuthTesterLoop] Schedule Finished.
[2020-11-20 11:39:16,851] - INFO - process: 10594 - awvs_scanner.py - utils.logger - 36 - awvs_scanner - [AwvsTaskLoop] Schedule Start.
[2020-11-20 11:39:16,854] - INFO - process: 10594 - poc_scanner.py - utils.logger - 141 - poc_scanner - [PocScannerLoop] Schedule Start.
[2020-11-20 11:39:16,857] - INFO - process: 10594 - awvs_scanner.py - utils.logger - 49 - awvs_scanner - [AwvsTaskLoop] Finished AwvsTaskLoop Task...(no need tasks).
[2020-11-20 11:39:16,859] - INFO - process: 10594 - poc_scanner.py - utils.logger - 181 - poc_scanner - [PocScannerLoop] Schedule Finished.
[2020-11-20 11:39:46,808] - INFO - process: 10594 - asset_scanner.py - utils.logger - 180 - asset_scanner - [AssetScannerLoop] Schedule Start.
[2020-11-20 11:39:46,813] - INFO - process: 10594 - asset_scanner.py - utils.logger - 224 - asset_scanner - [AssetScannerLoop] Schedule Finished.
[2020-11-20 11:40:16,808] - INFO - process: 10594 - asset_scanner.py - utils.logger - 180 - asset_scanner - [AssetScannerLoop] Schedule Start.
[2020-11-20 11:40:16,812] - INFO - process: 10594 - asset_scanner.py - utils.logger - 224 - asset_scanner - [AssetScannerLoop] Schedule Finished.
[2020-11-20 11:40:16,842] - INFO - process: 10594 - auth_scanner.py - utils.logger - 122 - auth_scanner - [AuthTesterLoop] Schedule Start.
[2020-11-20 11:40:16,847] - INFO - process: 10594 - awvs_scanner.py - utils.logger - 36 - awvs_scanner - [AwvsTaskLoop] Schedule Start.
[2020-11-20 11:40:16,851] - INFO - process: 10594 - poc_scanner.py - utils.logger - 141 - poc_scanner - [PocScannerLoop] Schedule Start.
[2020-11-20 11:40:16,853] - INFO - process: 10594 - awvs_scanner.py - utils.logger - 49 - awvs_scanner - [AwvsTaskLoop] Finished AwvsTaskLoop Task...(no need tasks).
[2020-11-20 11:40:16,853] - INFO - process: 10594 - auth_scanner.py - utils.logger - 154 - auth_scanner - [AuthTesterLoop] Schedule Finished.
[2020-11-20 11:40:16,857] - INFO - process: 10594 - poc_scanner.py - utils.logger - 181 - poc_scanner - [PocScannerLoop] Schedule Finished.
[2020-11-20 11:40:21,502] - ERROR - process: 10594 - auth_scanner.py - utils.logger - 64 - auth_scanner - [AuthCrack]  2011206s2w_k8s(5fb7395a97cf6151637c785c) Task Timeout <<<.
[2020-11-20 11:40:46,808] - INFO - process: 10594 - asset_scanner.py - utils.logger - 180 - asset_scanner - [AssetScannerLoop] Schedule Start.
[2020-11-20 11:40:46,813] - INFO - process: 10594 - asset_scanner.py - utils.logger - 224 - asset_scanner - [AssetScannerLoop] Schedule Finished.
[2020-11-20 11:41:16,809] - INFO - process: 10594 - asset_scanner.py - utils.logger - 180 - asset_scanner - [AssetScannerLoop] Schedule Start.
[2020-11-20 11:41:16,813] - INFO - process: 10594 - asset_scanner.py - utils.logger - 224 - asset_scanner - [AssetScannerLoop] Schedule Finished.
[2020-11-20 11:41:16,841] - INFO - process: 10594 - auth_scanner.py - utils.logger - 122 - auth_scanner - [AuthTesterLoop] Schedule Start.
[2020-11-20 11:41:16,845] - INFO - process: 10594 - awvs_scanner.py - utils.logger - 36 - awvs_scanner - [AwvsTaskLoop] Schedule Start.
[2020-11-20 11:41:16,853] - INFO - process: 10594 - poc_scanner.py - utils.logger - 141 - poc_scanner - [PocScannerLoop] Schedule Start.
[2020-11-20 11:41:16,855] - INFO - process: 10594 - awvs_scanner.py - utils.logger - 49 - awvs_scanner - [AwvsTaskLoop] Finished AwvsTaskLoop Task...(no need tasks).
[2020-11-20 11:41:16,856] - INFO - process: 10594 - auth_scanner.py - utils.logger - 154 - auth_scanner - [AuthTesterLoop] Schedule Finished.
[2020-11-20 11:41:16,859] - INFO - process: 10594 - poc_scanner.py - utils.logger - 151 - poc_scanner - [PocScannerLoop] 20112092n8_k8s(5fb7395a97cf6151637c785d) process stats more than 3 min, try poc rescan...
[2020-11-20 11:41:16,906] - INFO - process: 10594 - poc_scanner.py - utils.logger - 97 - poc_scanner - [PocScanner] 20112092n8_k8s(5fb7395a97cf6151637c785d) Task Start >>>.
[2020-11-20 11:41:16,907] - INFO - process: 10594 - poc_scanner.py - utils.logger - 151 - poc_scanner - [PocScannerLoop] 201120lehn_k8s(5fb7395a97cf6151637c785f) process stats more than 3 min, try poc rescan...
[2020-11-20 11:41:17,023] - INFO - process: 10594 - poc_scanner.py - utils.logger - 151 - poc_scanner - [PocScannerLoop] 201120nzqb_k8s(5fb7395a97cf6151637c7860) process stats more than 3 min, try poc rescan...
[2020-11-20 11:41:17,023] - INFO - process: 10594 - poc_scanner.py - utils.logger - 97 - poc_scanner - [PocScanner] 201120lehn_k8s(5fb7395a97cf6151637c785f) Task Start >>>.
[2020-11-20 11:41:17,170] - INFO - process: 10594 - poc_scanner.py - utils.logger - 181 - poc_scanner - [PocScannerLoop] Schedule Finished.
[2020-11-20 11:41:17,170] - INFO - process: 10594 - poc_scanner.py - utils.logger - 97 - poc_scanner - [PocScanner] 201120nzqb_k8s(5fb7395a97cf6151637c7860) Task Start >>>.
[2020-11-20 11:41:17,205] - INFO - process: 1512 - poc_scanner.py - utils.logger - 35 - poc_scanner - [PocScanner] 20112092n8_k8s(node2.k8s:445) verify poc(MS17-010 SMB RCE)  all_times: 5
[2020-11-20 11:41:17,356] - INFO - process: 1589 - poc_scanner.py - utils.logger - 35 - poc_scanner - [PocScanner] 201120lehn_k8s(node2.k8s:6379) verify poc(Redis Unauthorized)  all_times: 5
[2020-11-20 11:41:17,362] - INFO - process: 1589 - poc_scanner.py - utils.logger - 45 - poc_scanner - [PocScanner] 201120lehn_k8s(node2.k8s:6379) verify poc(Redis Unauthorized) in 1 times, result: {'VerifyInfo': {'URL': 'mongo://node2.k8s:6379', 'Payload': '*1\r\n$4\r\ninfo\r\n', 'Result': '$1877\r\n# Server\r\nredis_version:2.8.23\r\nredis_git_sha1:00000000\r\nredis_git_dirty:0\r\nredis_build_id:f02b64ca84a0dc52\r\nredis_mode:standalone\r\nos:Linux 3.10.0-862.el7.x86_64 x86_64\r\narch_bits:64\r\nmultiplexing_api:epoll\r\ngcc_version:4.9.2\r\nprocess_id:1\r\nrun_id:64871654d74dda95503a11aa6236c9bde2ed862b\r\ntcp_port:6379\r\nuptime_in_seconds:237568\r\nuptime_in_days:2\r\nhz:10\r\nlru_clock:12008157\r\nconfig_file:\r\n\r\n# Clients\r\nconnected_clients:1\r\nclient_longest_output_list:0\r\nclient_biggest_input_buf:0\r\nblocked_clients:0\r\n\r\n# Memory\r\nused_memory:810512\r\nused_memory_human:791.52K\r\nused_memory_rss:7806976\r\nused_memory_peak:872864\r\nused_memory_peak_human:852.41K\r\nused_memory_lua:36864\r\nmem_fragmentation_ratio:9.63\r\nmem_allocator:jemalloc-3.6.0\r\n\r\n# Persistence\r\nloading:0\r\nrdb_changes_since_last_save:0\r\nrdb_bgsave_in_progress:0\r\nrdb_last_save_time:1605795628\r\nrdb_last_bgsave_status:ok\r\nrdb_last_bgsave_time_sec:0\r\nrdb_current_bgsave_time_sec:-1\r\naof_enabled:0\r\naof_rewrite_in_progress:0\r\naof_rewrite_scheduled:0\r\naof_last_rewrite_time'}}
[2020-11-20 11:41:17,406] - INFO - process: 10594 - poc_scanner.py - utils.logger - 125 - poc_scanner - [PocScanner] 201120lehn_k8s(5fb7395a97cf6151637c785f) Task Finished <<<.
[2020-11-20 11:41:17,432] - INFO - process: 1676 - poc_scanner.py - utils.logger - 35 - poc_scanner - [PocScanner] 201120nzqb_k8s(node2.k8s:8081) verify poc(Apache Flink RCE)  all_times: 5
[2020-11-20 11:41:17,500] - INFO - process: 1676 - poc_scanner.py - utils.logger - 45 - poc_scanner - [PocScanner] 201120nzqb_k8s(node2.k8s:8081) verify poc(Apache Flink RCE) in 1 times, result: {'VerifyInfo': {'URL': u'http://node2.k8s:8081', 'Command': 'uptime', 'Result': '[ uptime ] execute success, result:\n 03:41:17 up 3 days, 21:12,  0 users,  load average: 0.16, 0.33, 0.30'}}
[2020-11-20 11:41:17,590] - INFO - process: 10594 - poc_scanner.py - utils.logger - 125 - poc_scanner - [PocScanner] 201120nzqb_k8s(5fb7395a97cf6151637c7860) Task Finished <<<.
[2020-11-20 11:41:23,391] - INFO - process: 1512 - poc_scanner.py - utils.logger - 40 - poc_scanner - [PocScanner] 20112092n8_k8s(node2.k8s:445) verify poc(MS17-010 SMB RCE) more than 5 times, result: (u'node2.k8s:445', 'MS17-010 SMB RCE', '00005', 'SMB Server', 'All', (0, 'Internet noting return'), '2020-11-20 11:41:23', '{}')
[2020-11-20 11:41:23,462] - INFO - process: 10594 - poc_scanner.py - utils.logger - 125 - poc_scanner - [PocScanner] 20112092n8_k8s(5fb7395a97cf6151637c785d) Task Finished <<<.
[2020-11-20 11:41:46,809] - INFO - process: 10594 - asset_scanner.py - utils.logger - 180 - asset_scanner - [AssetScannerLoop] Schedule Start.
[2020-11-20 11:41:46,815] - INFO - process: 10594 - asset_scanner.py - utils.logger - 224 - asset_scanner - [AssetScannerLoop] Schedule Finished.
[2020-11-20 11:42:16,810] - INFO - process: 10594 - asset_scanner.py - utils.logger - 180 - asset_scanner - [AssetScannerLoop] Schedule Start.
[2020-11-20 11:42:16,813] - INFO - process: 10594 - asset_scanner.py - utils.logger - 224 - asset_scanner - [AssetScannerLoop] Schedule Finished.
[2020-11-20 11:42:16,841] - INFO - process: 10594 - auth_scanner.py - utils.logger - 122 - auth_scanner - [AuthTesterLoop] Schedule Start.
[2020-11-20 11:42:16,848] - INFO - process: 10594 - awvs_scanner.py - utils.logger - 36 - awvs_scanner - [AwvsTaskLoop] Schedule Start.
[2020-11-20 11:42:16,850] - INFO - process: 10594 - auth_scanner.py - utils.logger - 154 - auth_scanner - [AuthTesterLoop] Schedule Finished.
[2020-11-20 11:42:16,852] - INFO - process: 10594 - poc_scanner.py - utils.logger - 141 - poc_scanner - [PocScannerLoop] Schedule Start.
[2020-11-20 11:42:16,853] - INFO - process: 10594 - awvs_scanner.py - utils.logger - 49 - awvs_scanner - [AwvsTaskLoop] Finished AwvsTaskLoop Task...(no need tasks).
[2020-11-20 11:42:16,858] - INFO - process: 10594 - poc_scanner.py - utils.logger - 181 - poc_scanner - [PocScannerLoop] Schedule Finished.
[2020-11-20 11:42:46,807] - INFO - process: 10594 - asset_scanner.py - utils.logger - 180 - asset_scanner - [AssetScannerLoop] Schedule Start.
[2020-11-20 11:42:46,812] - INFO - process: 10594 - asset_scanner.py - utils.logger - 224 - asset_scanner - [AssetScannerLoop] Schedule Finished.
[2020-11-20 11:43:16,808] - INFO - process: 10594 - asset_scanner.py - utils.logger - 180 - asset_scanner - [AssetScannerLoop] Schedule Start.
[2020-11-20 11:43:16,812] - INFO - process: 10594 - asset_scanner.py - utils.logger - 224 - asset_scanner - [AssetScannerLoop] Schedule Finished.
[2020-11-20 11:43:16,840] - INFO - process: 10594 - auth_scanner.py - utils.logger - 122 - auth_scanner - [AuthTesterLoop] Schedule Start.
[2020-11-20 11:43:16,849] - INFO - process: 10594 - awvs_scanner.py - utils.logger - 36 - awvs_scanner - [AwvsTaskLoop] Schedule Start.
[2020-11-20 11:43:16,850] - INFO - process: 10594 - poc_scanner.py - utils.logger - 141 - poc_scanner - [PocScannerLoop] Schedule Start.
[2020-11-20 11:43:16,853] - INFO - process: 10594 - auth_scanner.py - utils.logger - 154 - auth_scanner - [AuthTesterLoop] Schedule Finished.
[2020-11-20 11:43:16,857] - INFO - process: 10594 - awvs_scanner.py - utils.logger - 49 - awvs_scanner - [AwvsTaskLoop] Finished AwvsTaskLoop Task...(no need tasks).
[2020-11-20 11:43:16,859] - INFO - process: 10594 - poc_scanner.py - utils.logger - 181 - poc_scanner - [PocScannerLoop] Schedule Finished.
